# JRE version: OpenJDK Runtime Environment (17.0.6) (build 17.0.6+0-b2043.56-10027231)
# Java VM: OpenJDK 64-Bit Server VM (17.0.6+0-b2043.56-10027231, mixed mode, tiered, compressed oops, compressed class ptrs, g1 gc, windows-amd64)
GC Precious Log:
 CPUs: 8 total, 8 available
 Memory: 7993M
 Large Page Support: Disabled
 NUMA Support: Disabled
 Compressed Oops: Enabled (32-bit)
 Heap Region Size: 1M
 Heap Min Capacity: 8M
 Heap Initial Capacity: 126M
 Heap Max Capacity: 2G
 Pre-touch: Disabled
 Parallel Workers: 8
 Concurrent Workers: 2
 Concurrent Refinement Workers: 8
 Periodic GC: Disabled
Heap:
 garbage-first heap   total 240640K, used 170345K [0x0000000080000000, 0x0000000100000000)
  region size 1024K, 38 young (38912K), 5 survivors (5120K)
 Metaspace       used 116274K, committed 116992K, reserved 1155072K
  class space    used 15058K, committed 15360K, reserved 1048576K
GC Heap History (20 events):
Event: 8.000 GC heap before
{Heap before GC invocations=36 (full 0):
 garbage-first heap   total 176128K, used 106713K [0x0000000080000000, 0x0000000100000000)
  region size 1024K, 10 young (10240K), 5 survivors (5120K)
 Metaspace       used 86940K, committed 87552K, reserved 1130496K
  class space    used 11522K, committed 11776K, reserved 1048576K
}
Event: 8.003 GC heap after
{Heap after GC invocations=37 (full 0):
 garbage-first heap   total 176128K, used 103579K [0x0000000080000000, 0x0000000100000000)
  region size 1024K, 4 young (4096K), 4 survivors (4096K)
 Metaspace       used 86940K, committed 87552K, reserved 1130496K
  class space    used 11522K, committed 11776K, reserved 1048576K
}
Event: 8.247 GC heap before
{Heap before GC invocations=38 (full 0):
 garbage-first heap   total 198656K, used 144539K [0x0000000080000000, 0x0000000100000000)
  region size 1024K, 43 young (44032K), 4 survivors (4096K)
 Metaspace       used 88064K, committed 88768K, reserved 1130496K
  class space    used 11658K, committed 11968K, reserved 1048576K
}
Event: 8.251 GC heap after
{Heap after GC invocations=39 (full 0):
 garbage-first heap   total 198656K, used 105589K [0x0000000080000000, 0x0000000100000000)
  region size 1024K, 3 young (3072K), 3 survivors (3072K)
 Metaspace       used 88064K, committed 88768K, reserved 1130496K
  class space    used 11658K, committed 11968K, reserved 1048576K
}
Event: 8.315 GC heap before
{Heap before GC invocations=39 (full 0):
 garbage-first heap   total 198656K, used 110709K [0x0000000080000000, 0x0000000100000000)
  region size 1024K, 9 young (9216K), 3 survivors (3072K)
 Metaspace       used 89118K, committed 89728K, reserved 1130496K
  class space    used 11775K, committed 12032K, reserved 1048576K
}
Event: 8.318 GC heap after
{Heap after GC invocations=40 (full 0):
 garbage-first heap   total 198656K, used 105838K [0x0000000080000000, 0x0000000100000000)
  region size 1024K, 1 young (1024K), 1 survivors (1024K)
 Metaspace       used 89118K, committed 89728K, reserved 1130496K
  class space    used 11775K, committed 12032K, reserved 1048576K
}
Event: 8.761 GC heap before
{Heap before GC invocations=40 (full 0):
 garbage-first heap   total 198656K, used 156014K [0x0000000080000000, 0x0000000100000000)
  region size 1024K, 50 young (51200K), 1 survivors (1024K)
 Metaspace       used 92863K, committed 93504K, reserved 1130496K
  class space    used 12197K, committed 12480K, reserved 1048576K
}
Event: 8.765 GC heap after
{Heap after GC invocations=41 (full 0):
 garbage-first heap   total 239616K, used 108875K [0x0000000080000000, 0x0000000100000000)
  region size 1024K, 4 young (4096K), 4 survivors (4096K)
 Metaspace       used 92863K, committed 93504K, reserved 1130496K
  class space    used 12197K, committed 12480K, reserved 1048576K
}
Event: 9.503 GC heap before
{Heap before GC invocations=42 (full 0):
 garbage-first heap   total 239616K, used 184651K [0x0000000080000000, 0x0000000100000000)
  region size 1024K, 79 young (80896K), 4 survivors (4096K)
 Metaspace       used 103594K, committed 104192K, reserved 1146880K
  class space    used 13438K, committed 13696K, reserved 1048576K
}
Event: 9.508 GC heap after
{Heap after GC invocations=43 (full 0):
 garbage-first heap   total 239616K, used 113191K [0x0000000080000000, 0x0000000100000000)
  region size 1024K, 8 young (8192K), 8 survivors (8192K)
 Metaspace       used 103594K, committed 104192K, reserved 1146880K
  class space    used 13438K, committed 13696K, reserved 1048576K
}
Event: 9.543 GC heap before
{Heap before GC invocations=43 (full 0):
 garbage-first heap   total 239616K, used 116263K [0x0000000080000000, 0x0000000100000000)
  region size 1024K, 11 young (11264K), 8 survivors (8192K)
 Metaspace       used 104263K, committed 104896K, reserved 1146880K
  class space    used 13506K, committed 13760K, reserved 1048576K
}
Event: 9.548 GC heap after
{Heap after GC invocations=44 (full 0):
 garbage-first heap   total 239616K, used 113452K [0x0000000080000000, 0x0000000100000000)
  region size 1024K, 2 young (2048K), 2 survivors (2048K)
 Metaspace       used 104263K, committed 104896K, reserved 1146880K
  class space    used 13506K, committed 13760K, reserved 1048576K
}
Event: 10.040 GC heap before
{Heap before GC invocations=44 (full 0):
 garbage-first heap   total 239616K, used 162604K [0x0000000080000000, 0x0000000100000000)
  region size 1024K, 51 young (52224K), 2 survivors (2048K)
 Metaspace       used 108731K, committed 109376K, reserved 1146880K
  class space    used 14001K, committed 14272K, reserved 1048576K
}
Event: 10.044 GC heap after
{Heap after GC invocations=45 (full 0):
 garbage-first heap   total 239616K, used 116887K [0x0000000080000000, 0x0000000100000000)
  region size 1024K, 5 young (5120K), 5 survivors (5120K)
 Metaspace       used 108731K, committed 109376K, reserved 1146880K
  class space    used 14001K, committed 14272K, reserved 1048576K
}
Event: 10.513 GC heap before
{Heap before GC invocations=46 (full 0):
 garbage-first heap   total 240640K, used 195735K [0x0000000080000000, 0x0000000100000000)
  region size 1024K, 81 young (82944K), 5 survivors (5120K)
 Metaspace       used 110137K, committed 110784K, reserved 1146880K
  class space    used 14119K, committed 14400K, reserved 1048576K
}
Event: 10.523 GC heap after
{Heap after GC invocations=47 (full 0):
 garbage-first heap   total 240640K, used 123714K [0x0000000080000000, 0x0000000100000000)
  region size 1024K, 11 young (11264K), 11 survivors (11264K)
 Metaspace       used 110137K, committed 110784K, reserved 1146880K
  class space    used 14119K, committed 14400K, reserved 1048576K
}
Event: 10.533 GC heap before
{Heap before GC invocations=47 (full 0):
 garbage-first heap   total 240640K, used 124738K [0x0000000080000000, 0x0000000100000000)
  region size 1024K, 12 young (12288K), 11 survivors (11264K)
 Metaspace       used 110171K, committed 110848K, reserved 1146880K
  class space    used 14122K, committed 14400K, reserved 1048576K
}
Event: 10.540 GC heap after
{Heap after GC invocations=48 (full 0):
 garbage-first heap   total 240640K, used 124953K [0x0000000080000000, 0x0000000100000000)
  region size 1024K, 2 young (2048K), 2 survivors (2048K)
 Metaspace       used 110171K, committed 110848K, reserved 1146880K
  class space    used 14122K, committed 14400K, reserved 1048576K
}
Event: 11.533 GC heap before
{Heap before GC invocations=48 (full 0):
 garbage-first heap   total 240640K, used 195609K [0x0000000080000000, 0x0000000100000000)
  region size 1024K, 72 young (73728K), 2 survivors (2048K)
 Metaspace       used 115501K, committed 116160K, reserved 1155072K
  class space    used 14959K, committed 15232K, reserved 1048576K
}
Event: 11.542 GC heap after
{Heap after GC invocations=49 (full 0):
 garbage-first heap   total 240640K, used 128361K [0x0000000080000000, 0x0000000100000000)
  region size 1024K, 5 young (5120K), 5 survivors (5120K)
 Metaspace       used 115501K, committed 116160K, reserved 1155072K
  class space    used 14959K, committed 15232K, reserved 1048576K
}

