# JRE version: OpenJDK Runtime Environment (17.0.6) (build 17.0.6+0-b2043.56-10027231)
# Java VM: OpenJDK 64-Bit Server VM (17.0.6+0-b2043.56-10027231, mixed mode, tiered, compressed oops, compressed class ptrs, g1 gc, windows-amd64)
GC Precious Log:
 CPUs: 8 total, 8 available
 Memory: 7993M
 Large Page Support: Disabled
 NUMA Support: Disabled
 Compressed Oops: Enabled (32-bit)
 Heap Region Size: 1M
 Heap Min Capacity: 8M
 Heap Initial Capacity: 126M
 Heap Max Capacity: 2G
 Pre-touch: Disabled
 Parallel Workers: 8
 Concurrent Workers: 2
 Concurrent Refinement Workers: 8
 Periodic GC: Disabled
Heap:
 garbage-first heap   total 140288K, used 86342K [0x0000000080000000, 0x0000000100000000)
  region size 1024K, 5 young (5120K), 5 survivors (5120K)
 Metaspace       used 93690K, committed 94336K, reserved 1130496K
  class space    used 12825K, committed 13120K, reserved 1048576K
GC Heap History (20 events):
Event: 7.025 GC heap after
{Heap after GC invocations=22 (full 0):
 garbage-first heap   total 116736K, used 57623K [0x0000000080000000, 0x0000000100000000)
  region size 1024K, 4 young (4096K), 4 survivors (4096K)
 Metaspace       used 65246K, committed 65728K, reserved 1105920K
  class space    used 8674K, committed 8896K, reserved 1048576K
}
Event: 7.307 GC heap before
{Heap before GC invocations=22 (full 0):
 garbage-first heap   total 116736K, used 87319K [0x0000000080000000, 0x0000000100000000)
  region size 1024K, 33 young (33792K), 4 survivors (4096K)
 Metaspace       used 68066K, committed 68672K, reserved 1114112K
  class space    used 9049K, committed 9344K, reserved 1048576K
}
Event: 7.310 GC heap after
{Heap after GC invocations=23 (full 0):
 garbage-first heap   total 116736K, used 60013K [0x0000000080000000, 0x0000000100000000)
  region size 1024K, 3 young (3072K), 3 survivors (3072K)
 Metaspace       used 68066K, committed 68672K, reserved 1114112K
  class space    used 9049K, committed 9344K, reserved 1048576K
}
Event: 7.623 GC heap before
{Heap before GC invocations=24 (full 0):
 garbage-first heap   total 116736K, used 89709K [0x0000000080000000, 0x0000000100000000)
  region size 1024K, 32 young (32768K), 3 survivors (3072K)
 Metaspace       used 71581K, committed 72128K, reserved 1114112K
  class space    used 9547K, committed 9792K, reserved 1048576K
}
Event: 7.627 GC heap after
{Heap after GC invocations=25 (full 0):
 garbage-first heap   total 116736K, used 61615K [0x0000000080000000, 0x0000000100000000)
  region size 1024K, 4 young (4096K), 4 survivors (4096K)
 Metaspace       used 71581K, committed 72128K, reserved 1114112K
  class space    used 9547K, committed 9792K, reserved 1048576K
}
Event: 7.891 GC heap before
{Heap before GC invocations=25 (full 0):
 garbage-first heap   total 116736K, used 91311K [0x0000000080000000, 0x0000000100000000)
  region size 1024K, 33 young (33792K), 4 survivors (4096K)
 Metaspace       used 74861K, committed 75520K, reserved 1114112K
  class space    used 9999K, committed 10304K, reserved 1048576K
}
Event: 7.895 GC heap after
{Heap after GC invocations=26 (full 0):
 garbage-first heap   total 140288K, used 64329K [0x0000000080000000, 0x0000000100000000)
  region size 1024K, 5 young (5120K), 5 survivors (5120K)
 Metaspace       used 74861K, committed 75520K, reserved 1114112K
  class space    used 9999K, committed 10304K, reserved 1048576K
}
Event: 8.353 GC heap before
{Heap before GC invocations=27 (full 0):
 garbage-first heap   total 140288K, used 107337K [0x0000000080000000, 0x0000000100000000)
  region size 1024K, 47 young (48128K), 5 survivors (5120K)
 Metaspace       used 77734K, committed 78272K, reserved 1122304K
  class space    used 10380K, committed 10624K, reserved 1048576K
}
Event: 8.359 GC heap after
{Heap after GC invocations=28 (full 0):
 garbage-first heap   total 140288K, used 68361K [0x0000000080000000, 0x0000000100000000)
  region size 1024K, 6 young (6144K), 6 survivors (6144K)
 Metaspace       used 77734K, committed 78272K, reserved 1122304K
  class space    used 10380K, committed 10624K, reserved 1048576K
}
Event: 8.768 GC heap before
{Heap before GC invocations=28 (full 0):
 garbage-first heap   total 140288K, used 110345K [0x0000000080000000, 0x0000000100000000)
  region size 1024K, 47 young (48128K), 6 survivors (6144K)
 Metaspace       used 82484K, committed 83072K, reserved 1122304K
  class space    used 11231K, committed 11520K, reserved 1048576K
}
Event: 8.772 GC heap after
{Heap after GC invocations=29 (full 0):
 garbage-first heap   total 140288K, used 69727K [0x0000000080000000, 0x0000000100000000)
  region size 1024K, 6 young (6144K), 6 survivors (6144K)
 Metaspace       used 82484K, committed 83072K, reserved 1122304K
  class space    used 11231K, committed 11520K, reserved 1048576K
}
Event: 9.305 GC heap before
{Heap before GC invocations=30 (full 0):
 garbage-first heap   total 140288K, used 112735K [0x0000000080000000, 0x0000000100000000)
  region size 1024K, 48 young (49152K), 6 survivors (6144K)
 Metaspace       used 86554K, committed 87168K, reserved 1130496K
  class space    used 11820K, committed 12096K, reserved 1048576K
}
Event: 9.313 GC heap after
{Heap after GC invocations=31 (full 0):
 garbage-first heap   total 140288K, used 73440K [0x0000000080000000, 0x0000000100000000)
  region size 1024K, 6 young (6144K), 6 survivors (6144K)
 Metaspace       used 86554K, committed 87168K, reserved 1130496K
  class space    used 11820K, committed 12096K, reserved 1048576K
}
Event: 9.739 GC heap before
{Heap before GC invocations=31 (full 0):
 garbage-first heap   total 140288K, used 113376K [0x0000000080000000, 0x0000000100000000)
  region size 1024K, 45 young (46080K), 6 survivors (6144K)
 Metaspace       used 91919K, committed 92544K, reserved 1130496K
  class space    used 12589K, committed 12864K, reserved 1048576K
}
Event: 9.745 GC heap after
{Heap after GC invocations=32 (full 0):
 garbage-first heap   total 140288K, used 76947K [0x0000000080000000, 0x0000000100000000)
  region size 1024K, 4 young (4096K), 4 survivors (4096K)
 Metaspace       used 91919K, committed 92544K, reserved 1130496K
  class space    used 12589K, committed 12864K, reserved 1048576K
}
Event: 10.029 GC heap before
{Heap before GC invocations=33 (full 0):
 garbage-first heap   total 140288K, used 113811K [0x0000000080000000, 0x0000000100000000)
  region size 1024K, 40 young (40960K), 4 survivors (4096K)
 Metaspace       used 93429K, committed 94080K, reserved 1130496K
  class space    used 12788K, committed 13056K, reserved 1048576K
}
Event: 10.035 GC heap after
{Heap after GC invocations=34 (full 0):
 garbage-first heap   total 140288K, used 81580K [0x0000000080000000, 0x0000000100000000)
  region size 1024K, 5 young (5120K), 5 survivors (5120K)
 Metaspace       used 93429K, committed 94080K, reserved 1130496K
  class space    used 12788K, committed 13056K, reserved 1048576K
}
Event: 10.040 GC heap before
{Heap before GC invocations=34 (full 0):
 garbage-first heap   total 140288K, used 82604K [0x0000000080000000, 0x0000000100000000)
  region size 1024K, 6 young (6144K), 5 survivors (5120K)
 Metaspace       used 93430K, committed 94080K, reserved 1130496K
  class space    used 12788K, committed 13056K, reserved 1048576K
}
Event: 10.046 GC heap after
{Heap after GC invocations=35 (full 0):
 garbage-first heap   total 140288K, used 81722K [0x0000000080000000, 0x0000000100000000)
  region size 1024K, 1 young (1024K), 1 survivors (1024K)
 Metaspace       used 93430K, committed 94080K, reserved 1130496K
  class space    used 12788K, committed 13056K, reserved 1048576K
}
Event: 10.255 GC heap before
{Heap before GC invocations=35 (full 0):
 garbage-first heap   total 140288K, used 115514K [0x0000000080000000, 0x0000000100000000)
  region size 1024K, 34 young (34816K), 1 survivors (1024K)
 Metaspace       used 93690K, committed 94336K, reserved 1130496K
  class space    used 12825K, committed 13120K, reserved 1048576K
}

