# JRE version: OpenJDK Runtime Environment (17.0.6) (build 17.0.6+0-b2043.56-10027231)
# Java VM: OpenJDK 64-Bit Server VM (17.0.6+0-b2043.56-10027231, mixed mode, tiered, compressed oops, compressed class ptrs, g1 gc, windows-amd64)
GC Precious Log:
 CPUs: 8 total, 8 available
 Memory: 7993M
 Large Page Support: Disabled
 NUMA Support: Disabled
 Compressed Oops: Enabled (32-bit)
 Heap Region Size: 1M
 Heap Min Capacity: 8M
 Heap Initial Capacity: 126M
 Heap Max Capacity: 2G
 Pre-touch: Disabled
 Parallel Workers: 8
 Concurrent Workers: 2
 Concurrent Refinement Workers: 8
 Periodic GC: Disabled
Heap:
 garbage-first heap   total 167936K, used 107417K [0x0000000080000000, 0x0000000100000000)
  region size 1024K, 29 young (29696K), 8 survivors (8192K)
 Metaspace       used 95501K, committed 96192K, reserved 1138688K
  class space    used 13183K, committed 13504K, reserved 1048576K
GC Heap History (20 events):
Event: 5.423 GC heap before
{Heap before GC invocations=21 (full 0):
 garbage-first heap   total 96256K, used 66970K [0x0000000080000000, 0x0000000100000000)
  region size 1024K, 14 young (14336K), 1 survivors (1024K)
 Metaspace       used 64038K, committed 64576K, reserved 1105920K
  class space    used 8513K, committed 8768K, reserved 1048576K
}
Event: 5.425 GC heap after
{Heap after GC invocations=22 (full 0):
 garbage-first heap   total 139264K, used 56219K [0x0000000080000000, 0x0000000100000000)
  region size 1024K, 2 young (2048K), 2 survivors (2048K)
 Metaspace       used 64038K, committed 64576K, reserved 1105920K
  class space    used 8513K, committed 8768K, reserved 1048576K
}
Event: 5.783 GC heap before
{Heap before GC invocations=22 (full 0):
 garbage-first heap   total 139264K, used 108443K [0x0000000080000000, 0x0000000100000000)
  region size 1024K, 47 young (48128K), 2 survivors (2048K)
 Metaspace       used 67508K, committed 68032K, reserved 1114112K
  class space    used 8956K, committed 9216K, reserved 1048576K
}
Event: 5.786 GC heap after
{Heap after GC invocations=23 (full 0):
 garbage-first heap   total 139264K, used 59893K [0x0000000080000000, 0x0000000100000000)
  region size 1024K, 6 young (6144K), 6 survivors (6144K)
 Metaspace       used 67508K, committed 68032K, reserved 1114112K
  class space    used 8956K, committed 9216K, reserved 1048576K
}
Event: 6.242 GC heap before
{Heap before GC invocations=23 (full 0):
 garbage-first heap   total 139264K, used 103925K [0x0000000080000000, 0x0000000100000000)
  region size 1024K, 49 young (50176K), 6 survivors (6144K)
 Metaspace       used 72713K, committed 73344K, reserved 1114112K
  class space    used 9691K, committed 9984K, reserved 1048576K
}
Event: 6.247 GC heap after
{Heap after GC invocations=24 (full 0):
 garbage-first heap   total 139264K, used 63389K [0x0000000080000000, 0x0000000100000000)
  region size 1024K, 4 young (4096K), 4 survivors (4096K)
 Metaspace       used 72713K, committed 73344K, reserved 1114112K
  class space    used 9691K, committed 9984K, reserved 1048576K
}
Event: 6.634 GC heap before
{Heap before GC invocations=24 (full 0):
 garbage-first heap   total 139264K, used 106397K [0x0000000080000000, 0x0000000100000000)
  region size 1024K, 46 young (47104K), 4 survivors (4096K)
 Metaspace       used 75766K, committed 76352K, reserved 1122304K
  class space    used 10102K, committed 10368K, reserved 1048576K
}
Event: 6.639 GC heap after
{Heap after GC invocations=25 (full 0):
 garbage-first heap   total 139264K, used 67055K [0x0000000080000000, 0x0000000100000000)
  region size 1024K, 6 young (6144K), 6 survivors (6144K)
 Metaspace       used 75766K, committed 76352K, reserved 1122304K
  class space    used 10102K, committed 10368K, reserved 1048576K
}
Event: 7.099 GC heap before
{Heap before GC invocations=25 (full 0):
 garbage-first heap   total 139264K, used 111087K [0x0000000080000000, 0x0000000100000000)
  region size 1024K, 48 young (49152K), 6 survivors (6144K)
 Metaspace       used 80460K, committed 81088K, reserved 1122304K
  class space    used 10923K, committed 11200K, reserved 1048576K
}
Event: 7.105 GC heap after
{Heap after GC invocations=26 (full 0):
 garbage-first heap   total 139264K, used 69834K [0x0000000080000000, 0x0000000100000000)
  region size 1024K, 3 young (3072K), 3 survivors (3072K)
 Metaspace       used 80460K, committed 81088K, reserved 1122304K
  class space    used 10923K, committed 11200K, reserved 1048576K
}
Event: 7.612 GC heap before
{Heap before GC invocations=26 (full 0):
 garbage-first heap   total 139264K, used 111818K [0x0000000080000000, 0x0000000100000000)
  region size 1024K, 44 young (45056K), 3 survivors (3072K)
 Metaspace       used 84835K, committed 85440K, reserved 1130496K
  class space    used 11574K, committed 11840K, reserved 1048576K
}
Event: 7.617 GC heap after
{Heap after GC invocations=27 (full 0):
 garbage-first heap   total 139264K, used 72878K [0x0000000080000000, 0x0000000100000000)
  region size 1024K, 6 young (6144K), 6 survivors (6144K)
 Metaspace       used 84835K, committed 85440K, reserved 1130496K
  class space    used 11574K, committed 11840K, reserved 1048576K
}
Event: 8.061 GC heap before
{Heap before GC invocations=28 (full 0):
 garbage-first heap   total 139264K, used 112814K [0x0000000080000000, 0x0000000100000000)
  region size 1024K, 45 young (46080K), 6 survivors (6144K)
 Metaspace       used 88970K, committed 89600K, reserved 1130496K
  class space    used 12228K, committed 12480K, reserved 1048576K
}
Event: 8.068 GC heap after
{Heap after GC invocations=29 (full 0):
 garbage-first heap   total 139264K, used 75147K [0x0000000080000000, 0x0000000100000000)
  region size 1024K, 3 young (3072K), 3 survivors (3072K)
 Metaspace       used 88970K, committed 89600K, reserved 1130496K
  class space    used 12228K, committed 12480K, reserved 1048576K
}
Event: 8.106 GC heap before
{Heap before GC invocations=29 (full 0):
 garbage-first heap   total 139264K, used 78219K [0x0000000080000000, 0x0000000100000000)
  region size 1024K, 6 young (6144K), 3 survivors (3072K)
 Metaspace       used 89235K, committed 89856K, reserved 1130496K
  class space    used 12262K, committed 12544K, reserved 1048576K
}
Event: 8.110 GC heap after
{Heap after GC invocations=30 (full 0):
 garbage-first heap   total 167936K, used 75128K [0x0000000080000000, 0x0000000100000000)
  region size 1024K, 1 young (1024K), 1 survivors (1024K)
 Metaspace       used 89235K, committed 89856K, reserved 1130496K
  class space    used 12262K, committed 12544K, reserved 1048576K
}
Event: 8.632 GC heap before
{Heap before GC invocations=30 (full 0):
 garbage-first heap   total 167936K, used 129400K [0x0000000080000000, 0x0000000100000000)
  region size 1024K, 54 young (55296K), 1 survivors (1024K)
 Metaspace       used 93435K, committed 94080K, reserved 1130496K
  class space    used 12787K, committed 13120K, reserved 1048576K
}
Event: 8.639 GC heap after
{Heap after GC invocations=31 (full 0):
 garbage-first heap   total 167936K, used 80742K [0x0000000080000000, 0x0000000100000000)
  region size 1024K, 7 young (7168K), 7 survivors (7168K)
 Metaspace       used 93435K, committed 94080K, reserved 1130496K
  class space    used 12787K, committed 13120K, reserved 1048576K
}
Event: 9.150 GC heap before
{Heap before GC invocations=31 (full 0):
 garbage-first heap   total 167936K, used 132966K [0x0000000080000000, 0x0000000100000000)
  region size 1024K, 58 young (59392K), 7 survivors (7168K)
 Metaspace       used 95023K, committed 95744K, reserved 1138688K
  class space    used 13054K, committed 13376K, reserved 1048576K
}
Event: 9.160 GC heap after
{Heap after GC invocations=32 (full 0):
 garbage-first heap   total 167936K, used 87961K [0x0000000080000000, 0x0000000100000000)
  region size 1024K, 8 young (8192K), 8 survivors (8192K)
 Metaspace       used 95023K, committed 95744K, reserved 1138688K
  class space    used 13054K, committed 13376K, reserved 1048576K
}

