# JRE version: OpenJDK Runtime Environment (17.0.6) (build 17.0.6+0-b2043.56-10027231)
# Java VM: OpenJDK 64-Bit Server VM (17.0.6+0-b2043.56-10027231, mixed mode, tiered, compressed oops, compressed class ptrs, g1 gc, windows-amd64)
GC Precious Log:
 CPUs: 8 total, 8 available
 Memory: 7993M
 Large Page Support: Disabled
 NUMA Support: Disabled
 Compressed Oops: Enabled (32-bit)
 Heap Region Size: 1M
 Heap Min Capacity: 8M
 Heap Initial Capacity: 126M
 Heap Max Capacity: 2G
 Pre-touch: Disabled
 Parallel Workers: 8
 Concurrent Workers: 2
 Concurrent Refinement Workers: 8
 Periodic GC: Disabled
Heap:
 garbage-first heap   total 455680K, used 336565K [0x0000000080000000, 0x0000000100000000)
  region size 1024K, 50 young (51200K), 8 survivors (8192K)
 Metaspace       used 138187K, committed 139456K, reserved 1171456K
  class space    used 18748K, committed 19392K, reserved 1048576K
GC Heap History (20 events):
Event: 65.144 GC heap before
{Heap before GC invocations=61 (full 0):
 garbage-first heap   total 455680K, used 364207K [0x0000000080000000, 0x0000000100000000)
  region size 1024K, 110 young (112640K), 3 survivors (3072K)
 Metaspace       used 133395K, committed 134656K, reserved 1171456K
  class space    used 18235K, committed 18880K, reserved 1048576K
}
Event: 65.159 GC heap after
{Heap after GC invocations=62 (full 0):
 garbage-first heap   total 455680K, used 266170K [0x0000000080000000, 0x0000000100000000)
  region size 1024K, 14 young (14336K), 14 survivors (14336K)
 Metaspace       used 133395K, committed 134656K, reserved 1171456K
  class space    used 18235K, committed 18880K, reserved 1048576K
}
Event: 66.022 GC heap before
{Heap before GC invocations=62 (full 0):
 garbage-first heap   total 455680K, used 368570K [0x0000000080000000, 0x0000000100000000)
  region size 1024K, 114 young (116736K), 14 survivors (14336K)
 Metaspace       used 135888K, committed 137152K, reserved 1171456K
  class space    used 18498K, committed 19136K, reserved 1048576K
}
Event: 66.040 GC heap after
{Heap after GC invocations=63 (full 0):
 garbage-first heap   total 455680K, used 267932K [0x0000000080000000, 0x0000000100000000)
  region size 1024K, 2 young (2048K), 2 survivors (2048K)
 Metaspace       used 135888K, committed 137152K, reserved 1171456K
  class space    used 18498K, committed 19136K, reserved 1048576K
}
Event: 66.540 GC heap before
{Heap before GC invocations=63 (full 0):
 garbage-first heap   total 455680K, used 375452K [0x0000000080000000, 0x0000000100000000)
  region size 1024K, 107 young (109568K), 2 survivors (2048K)
 Metaspace       used 136709K, committed 137920K, reserved 1171456K
  class space    used 18599K, committed 19200K, reserved 1048576K
}
Event: 66.545 GC heap after
{Heap after GC invocations=64 (full 0):
 garbage-first heap   total 455680K, used 268899K [0x0000000080000000, 0x0000000100000000)
  region size 1024K, 3 young (3072K), 3 survivors (3072K)
 Metaspace       used 136709K, committed 137920K, reserved 1171456K
  class space    used 18599K, committed 19200K, reserved 1048576K
}
Event: 67.123 GC heap before
{Heap before GC invocations=64 (full 0):
 garbage-first heap   total 455680K, used 380515K [0x0000000080000000, 0x0000000100000000)
  region size 1024K, 113 young (115712K), 3 survivors (3072K)
 Metaspace       used 137095K, committed 138432K, reserved 1171456K
  class space    used 18628K, committed 19264K, reserved 1048576K
}
Event: 67.129 GC heap after
{Heap after GC invocations=65 (full 0):
 garbage-first heap   total 455680K, used 269695K [0x0000000080000000, 0x0000000100000000)
  region size 1024K, 4 young (4096K), 4 survivors (4096K)
 Metaspace       used 137095K, committed 138432K, reserved 1171456K
  class space    used 18628K, committed 19264K, reserved 1048576K
}
Event: 67.595 GC heap before
{Heap before GC invocations=65 (full 0):
 garbage-first heap   total 455680K, used 386431K [0x0000000080000000, 0x0000000100000000)
  region size 1024K, 119 young (121856K), 4 survivors (4096K)
 Metaspace       used 137720K, committed 139008K, reserved 1171456K
  class space    used 18735K, committed 19392K, reserved 1048576K
}
Event: 67.601 GC heap after
{Heap after GC invocations=66 (full 0):
 garbage-first heap   total 455680K, used 269079K [0x0000000080000000, 0x0000000100000000)
  region size 1024K, 4 young (4096K), 4 survivors (4096K)
 Metaspace       used 137720K, committed 139008K, reserved 1171456K
  class space    used 18735K, committed 19392K, reserved 1048576K
}
Event: 67.993 GC heap before
{Heap before GC invocations=66 (full 0):
 garbage-first heap   total 455680K, used 389911K [0x0000000080000000, 0x0000000100000000)
  region size 1024K, 122 young (124928K), 4 survivors (4096K)
 Metaspace       used 137914K, committed 139200K, reserved 1171456K
  class space    used 18739K, committed 19392K, reserved 1048576K
}
Event: 67.999 GC heap after
{Heap after GC invocations=67 (full 0):
 garbage-first heap   total 455680K, used 269980K [0x0000000080000000, 0x0000000100000000)
  region size 1024K, 4 young (4096K), 4 survivors (4096K)
 Metaspace       used 137914K, committed 139200K, reserved 1171456K
  class space    used 18739K, committed 19392K, reserved 1048576K
}
Event: 68.459 GC heap before
{Heap before GC invocations=67 (full 0):
 garbage-first heap   total 455680K, used 392860K [0x0000000080000000, 0x0000000100000000)
  region size 1024K, 125 young (128000K), 4 survivors (4096K)
 Metaspace       used 138053K, committed 139328K, reserved 1171456K
  class space    used 18751K, committed 19392K, reserved 1048576K
}
Event: 68.464 GC heap after
{Heap after GC invocations=68 (full 0):
 garbage-first heap   total 455680K, used 270665K [0x0000000080000000, 0x0000000100000000)
  region size 1024K, 5 young (5120K), 5 survivors (5120K)
 Metaspace       used 138053K, committed 139328K, reserved 1171456K
  class space    used 18751K, committed 19392K, reserved 1048576K
}
Event: 69.031 GC heap before
{Heap before GC invocations=68 (full 0):
 garbage-first heap   total 455680K, used 394569K [0x0000000080000000, 0x0000000100000000)
  region size 1024K, 127 young (130048K), 5 survivors (5120K)
 Metaspace       used 138138K, committed 139392K, reserved 1171456K
  class space    used 18755K, committed 19392K, reserved 1048576K
}
Event: 69.040 GC heap after
{Heap after GC invocations=69 (full 0):
 garbage-first heap   total 455680K, used 274059K [0x0000000080000000, 0x0000000100000000)
  region size 1024K, 8 young (8192K), 8 survivors (8192K)
 Metaspace       used 138138K, committed 139392K, reserved 1171456K
  class space    used 18755K, committed 19392K, reserved 1048576K
}
Event: 69.416 GC heap before
{Heap before GC invocations=69 (full 0):
 garbage-first heap   total 455680K, used 394891K [0x0000000080000000, 0x0000000100000000)
  region size 1024K, 127 young (130048K), 8 survivors (8192K)
 Metaspace       used 138155K, committed 139392K, reserved 1171456K
  class space    used 18755K, committed 19392K, reserved 1048576K
}
Event: 69.441 GC heap after
{Heap after GC invocations=70 (full 0):
 garbage-first heap   total 455680K, used 286537K [0x0000000080000000, 0x0000000100000000)
  region size 1024K, 16 young (16384K), 16 survivors (16384K)
 Metaspace       used 138155K, committed 139392K, reserved 1171456K
  class space    used 18755K, committed 19392K, reserved 1048576K
}
Event: 69.621 GC heap before
{Heap before GC invocations=70 (full 0):
 garbage-first heap   total 455680K, used 389961K [0x0000000080000000, 0x0000000100000000)
  region size 1024K, 117 young (119808K), 16 survivors (16384K)
 Metaspace       used 138179K, committed 139456K, reserved 1171456K
  class space    used 18755K, committed 19392K, reserved 1048576K
}
Event: 69.636 GC heap after
{Heap after GC invocations=71 (full 0):
 garbage-first heap   total 455680K, used 294581K [0x0000000080000000, 0x0000000100000000)
  region size 1024K, 8 young (8192K), 8 survivors (8192K)
 Metaspace       used 138179K, committed 139456K, reserved 1171456K
  class space    used 18755K, committed 19392K, reserved 1048576K
}

