# JRE version: OpenJDK Runtime Environment (17.0.6) (build 17.0.6+0-b2043.56-10027231)
# Java VM: OpenJDK 64-Bit Server VM (17.0.6+0-b2043.56-10027231, mixed mode, tiered, compressed oops, compressed class ptrs, g1 gc, windows-amd64)
GC Precious Log:
 CPUs: 8 total, 8 available
 Memory: 7993M
 Large Page Support: Disabled
 NUMA Support: Disabled
 Compressed Oops: Enabled (32-bit)
 Heap Region Size: 1M
 Heap Min Capacity: 8M
 Heap Initial Capacity: 126M
 Heap Max Capacity: 2G
 Pre-touch: Disabled
 Parallel Workers: 8
 Concurrent Workers: 2
 Concurrent Refinement Workers: 8
 Periodic GC: Disabled
Heap:
 garbage-first heap   total 129024K, used 68548K [0x0000000080000000, 0x0000000100000000)
  region size 1024K, 2 young (2048K), 2 survivors (2048K)
 Metaspace       used 82373K, committed 82944K, reserved 1122304K
  class space    used 11223K, committed 11520K, reserved 1048576K
GC Heap History (20 events):
Event: 4.674 GC heap after
{Heap after GC invocations=16 (full 0):
 garbage-first heap   total 91136K, used 52299K [0x0000000080000000, 0x0000000100000000)
  region size 1024K, 4 young (4096K), 4 survivors (4096K)
 Metaspace       used 55819K, committed 56320K, reserved 1097728K
  class space    used 7475K, committed 7680K, reserved 1048576K
}
Event: 4.874 GC heap before
{Heap before GC invocations=16 (full 0):
 garbage-first heap   total 91136K, used 70731K [0x0000000080000000, 0x0000000100000000)
  region size 1024K, 23 young (23552K), 4 survivors (4096K)
 Metaspace       used 59139K, committed 59648K, reserved 1105920K
  class space    used 7864K, committed 8128K, reserved 1048576K
}
Event: 4.876 GC heap after
{Heap after GC invocations=17 (full 0):
 garbage-first heap   total 109568K, used 52995K [0x0000000080000000, 0x0000000100000000)
  region size 1024K, 1 young (1024K), 1 survivors (1024K)
 Metaspace       used 59139K, committed 59648K, reserved 1105920K
  class space    used 7864K, committed 8128K, reserved 1048576K
}
Event: 5.236 GC heap before
{Heap before GC invocations=18 (full 0):
 garbage-first heap   total 109568K, used 79619K [0x0000000080000000, 0x0000000100000000)
  region size 1024K, 28 young (28672K), 1 survivors (1024K)
 Metaspace       used 63988K, committed 64576K, reserved 1105920K
  class space    used 8510K, committed 8768K, reserved 1048576K
}
Event: 5.239 GC heap after
{Heap after GC invocations=19 (full 0):
 garbage-first heap   total 109568K, used 55360K [0x0000000080000000, 0x0000000100000000)
  region size 1024K, 4 young (4096K), 4 survivors (4096K)
 Metaspace       used 63988K, committed 64576K, reserved 1105920K
  class space    used 8510K, committed 8768K, reserved 1048576K
}
Event: 5.435 GC heap before
{Heap before GC invocations=20 (full 0):
 garbage-first heap   total 124928K, used 89152K [0x0000000080000000, 0x0000000100000000)
  region size 1024K, 31 young (31744K), 4 survivors (4096K)
 Metaspace       used 65737K, committed 66240K, reserved 1114112K
  class space    used 8742K, committed 8960K, reserved 1048576K
}
Event: 5.438 GC heap after
{Heap after GC invocations=21 (full 0):
 garbage-first heap   total 124928K, used 58062K [0x0000000080000000, 0x0000000100000000)
  region size 1024K, 4 young (4096K), 4 survivors (4096K)
 Metaspace       used 65737K, committed 66240K, reserved 1114112K
  class space    used 8742K, committed 8960K, reserved 1048576K
}
Event: 5.706 GC heap before
{Heap before GC invocations=21 (full 0):
 garbage-first heap   total 124928K, used 90830K [0x0000000080000000, 0x0000000100000000)
  region size 1024K, 36 young (36864K), 4 survivors (4096K)
 Metaspace       used 68795K, committed 69376K, reserved 1114112K
  class space    used 9148K, committed 9408K, reserved 1048576K
}
Event: 5.710 GC heap after
{Heap after GC invocations=22 (full 0):
 garbage-first heap   total 124928K, used 60736K [0x0000000080000000, 0x0000000100000000)
  region size 1024K, 3 young (3072K), 3 survivors (3072K)
 Metaspace       used 68795K, committed 69376K, reserved 1114112K
  class space    used 9148K, committed 9408K, reserved 1048576K
}
Event: 6.029 GC heap before
{Heap before GC invocations=23 (full 0):
 garbage-first heap   total 124928K, used 93504K [0x0000000080000000, 0x0000000100000000)
  region size 1024K, 35 young (35840K), 3 survivors (3072K)
 Metaspace       used 72888K, committed 73408K, reserved 1114112K
  class space    used 9719K, committed 9984K, reserved 1048576K
}
Event: 6.031 GC heap after
{Heap after GC invocations=24 (full 0):
 garbage-first heap   total 124928K, used 62772K [0x0000000080000000, 0x0000000100000000)
  region size 1024K, 5 young (5120K), 5 survivors (5120K)
 Metaspace       used 72888K, committed 73408K, reserved 1114112K
  class space    used 9719K, committed 9984K, reserved 1048576K
}
Event: 6.040 GC heap before
{Heap before GC invocations=24 (full 0):
 garbage-first heap   total 124928K, used 63796K [0x0000000080000000, 0x0000000100000000)
  region size 1024K, 6 young (6144K), 5 survivors (5120K)
 Metaspace       used 73023K, committed 73600K, reserved 1114112K
  class space    used 9742K, committed 9984K, reserved 1048576K
}
Event: 6.042 GC heap after
{Heap after GC invocations=25 (full 0):
 garbage-first heap   total 124928K, used 63393K [0x0000000080000000, 0x0000000100000000)
  region size 1024K, 1 young (1024K), 1 survivors (1024K)
 Metaspace       used 73023K, committed 73600K, reserved 1114112K
  class space    used 9742K, committed 9984K, reserved 1048576K
}
Event: 6.328 GC heap before
{Heap before GC invocations=25 (full 0):
 garbage-first heap   total 124928K, used 95137K [0x0000000080000000, 0x0000000100000000)
  region size 1024K, 33 young (33792K), 1 survivors (1024K)
 Metaspace       used 75700K, committed 76288K, reserved 1122304K
  class space    used 10101K, committed 10368K, reserved 1048576K
}
Event: 6.331 GC heap after
{Heap after GC invocations=26 (full 0):
 garbage-first heap   total 124928K, used 65735K [0x0000000080000000, 0x0000000100000000)
  region size 1024K, 4 young (4096K), 4 survivors (4096K)
 Metaspace       used 75700K, committed 76288K, reserved 1122304K
  class space    used 10101K, committed 10368K, reserved 1048576K
}
Event: 6.645 GC heap before
{Heap before GC invocations=27 (full 0):
 garbage-first heap   total 124928K, used 97479K [0x0000000080000000, 0x0000000100000000)
  region size 1024K, 35 young (35840K), 4 survivors (4096K)
 Metaspace       used 78164K, committed 78784K, reserved 1122304K
  class space    used 10440K, committed 10752K, reserved 1048576K
}
Event: 6.649 GC heap after
{Heap after GC invocations=28 (full 0):
 garbage-first heap   total 124928K, used 68209K [0x0000000080000000, 0x0000000100000000)
  region size 1024K, 3 young (3072K), 3 survivors (3072K)
 Metaspace       used 78164K, committed 78784K, reserved 1122304K
  class space    used 10440K, committed 10752K, reserved 1048576K
}
Event: 6.679 GC heap before
{Heap before GC invocations=28 (full 0):
 garbage-first heap   total 124928K, used 71281K [0x0000000080000000, 0x0000000100000000)
  region size 1024K, 6 young (6144K), 3 survivors (3072K)
 Metaspace       used 78533K, committed 79168K, reserved 1122304K
  class space    used 10505K, committed 10816K, reserved 1048576K
}
Event: 6.682 GC heap after
{Heap after GC invocations=29 (full 0):
 garbage-first heap   total 124928K, used 67149K [0x0000000080000000, 0x0000000100000000)
  region size 1024K, 1 young (1024K), 1 survivors (1024K)
 Metaspace       used 78533K, committed 79168K, reserved 1122304K
  class space    used 10505K, committed 10816K, reserved 1048576K
}
Event: 7.014 GC heap before
{Heap before GC invocations=29 (full 0):
 garbage-first heap   total 124928K, used 98893K [0x0000000080000000, 0x0000000100000000)
  region size 1024K, 32 young (32768K), 1 survivors (1024K)
 Metaspace       used 82373K, committed 82944K, reserved 1122304K
  class space    used 11223K, committed 11520K, reserved 1048576K
}

