# JRE version: OpenJDK Runtime Environment (17.0.6) (build 17.0.6+0-b2043.56-10027231)
# Java VM: OpenJDK 64-Bit Server VM (17.0.6+0-b2043.56-10027231, mixed mode, tiered, compressed oops, compressed class ptrs, g1 gc, windows-amd64)
GC Precious Log:
 CPUs: 8 total, 8 available
 Memory: 7993M
 Large Page Support: Disabled
 NUMA Support: Disabled
 Compressed Oops: Enabled (32-bit)
 Heap Region Size: 1M
 Heap Min Capacity: 8M
 Heap Initial Capacity: 126M
 Heap Max Capacity: 2G
 Pre-touch: Disabled
 Parallel Workers: 8
 Concurrent Workers: 2
 Concurrent Refinement Workers: 8
 Periodic GC: Disabled
Heap:
 garbage-first heap   total 129024K, used 65911K [0x0000000080000000, 0x0000000100000000)
  region size 1024K, 3 young (3072K), 3 survivors (3072K)
 Metaspace       used 75753K, committed 76352K, reserved 1122304K
  class space    used 10111K, committed 10368K, reserved 1048576K
GC Heap History (20 events):
Event: 5.554 GC heap after
{Heap after GC invocations=20 (full 0):
 garbage-first heap   total 92160K, used 53100K [0x0000000080000000, 0x0000000100000000)
  region size 1024K, 2 young (2048K), 2 survivors (2048K)
 Metaspace       used 54990K, committed 55488K, reserved 1097728K
  class space    used 7339K, committed 7552K, reserved 1048576K
}
Event: 5.743 GC heap before
{Heap before GC invocations=20 (full 0):
 garbage-first heap   total 92160K, used 68460K [0x0000000080000000, 0x0000000100000000)
  region size 1024K, 17 young (17408K), 2 survivors (2048K)
 Metaspace       used 57023K, committed 57536K, reserved 1105920K
  class space    used 7640K, committed 7872K, reserved 1048576K
}
Event: 5.744 GC heap after
{Heap after GC invocations=21 (full 0):
 garbage-first heap   total 92160K, used 53787K [0x0000000080000000, 0x0000000100000000)
  region size 1024K, 1 young (1024K), 1 survivors (1024K)
 Metaspace       used 57023K, committed 57536K, reserved 1105920K
  class space    used 7640K, committed 7872K, reserved 1048576K
}
Event: 5.961 GC heap before
{Heap before GC invocations=22 (full 0):
 garbage-first heap   total 96256K, used 70171K [0x0000000080000000, 0x0000000100000000)
  region size 1024K, 17 young (17408K), 1 survivors (1024K)
 Metaspace       used 59737K, committed 60288K, reserved 1105920K
  class space    used 7939K, committed 8192K, reserved 1048576K
}
Event: 5.963 GC heap after
{Heap after GC invocations=23 (full 0):
 garbage-first heap   total 96256K, used 54290K [0x0000000080000000, 0x0000000100000000)
  region size 1024K, 2 young (2048K), 2 survivors (2048K)
 Metaspace       used 59737K, committed 60288K, reserved 1105920K
  class space    used 7939K, committed 8192K, reserved 1048576K
}
Event: 5.994 GC heap before
{Heap before GC invocations=23 (full 0):
 garbage-first heap   total 96256K, used 56338K [0x0000000080000000, 0x0000000100000000)
  region size 1024K, 4 young (4096K), 2 survivors (2048K)
 Metaspace       used 59911K, committed 60480K, reserved 1105920K
  class space    used 7957K, committed 8192K, reserved 1048576K
}
Event: 5.996 GC heap after
{Heap after GC invocations=24 (full 0):
 garbage-first heap   total 96256K, used 54360K [0x0000000080000000, 0x0000000100000000)
  region size 1024K, 1 young (1024K), 1 survivors (1024K)
 Metaspace       used 59911K, committed 60480K, reserved 1105920K
  class space    used 7957K, committed 8192K, reserved 1048576K
}
Event: 6.303 GC heap before
{Heap before GC invocations=24 (full 0):
 garbage-first heap   total 96256K, used 73816K [0x0000000080000000, 0x0000000100000000)
  region size 1024K, 20 young (20480K), 1 survivors (1024K)
 Metaspace       used 64071K, committed 64640K, reserved 1105920K
  class space    used 8520K, committed 8768K, reserved 1048576K
}
Event: 6.306 GC heap after
{Heap after GC invocations=25 (full 0):
 garbage-first heap   total 117760K, used 56028K [0x0000000080000000, 0x0000000100000000)
  region size 1024K, 3 young (3072K), 3 survivors (3072K)
 Metaspace       used 64071K, committed 64640K, reserved 1105920K
  class space    used 8520K, committed 8768K, reserved 1048576K
}
Event: 6.561 GC heap before
{Heap before GC invocations=26 (full 0):
 garbage-first heap   total 117760K, used 93916K [0x0000000080000000, 0x0000000100000000)
  region size 1024K, 34 young (34816K), 3 survivors (3072K)
 Metaspace       used 66126K, committed 66624K, reserved 1114112K
  class space    used 8793K, committed 9024K, reserved 1048576K
}
Event: 6.565 GC heap after
{Heap after GC invocations=27 (full 0):
 garbage-first heap   total 117760K, used 59145K [0x0000000080000000, 0x0000000100000000)
  region size 1024K, 5 young (5120K), 5 survivors (5120K)
 Metaspace       used 66126K, committed 66624K, reserved 1114112K
  class space    used 8793K, committed 9024K, reserved 1048576K
}
Event: 6.574 GC heap before
{Heap before GC invocations=27 (full 0):
 garbage-first heap   total 117760K, used 60169K [0x0000000080000000, 0x0000000100000000)
  region size 1024K, 6 young (6144K), 5 survivors (5120K)
 Metaspace       used 66199K, committed 66688K, reserved 1114112K
  class space    used 8803K, committed 9024K, reserved 1048576K
}
Event: 6.577 GC heap after
{Heap after GC invocations=28 (full 0):
 garbage-first heap   total 117760K, used 59812K [0x0000000080000000, 0x0000000100000000)
  region size 1024K, 1 young (1024K), 1 survivors (1024K)
 Metaspace       used 66199K, committed 66688K, reserved 1114112K
  class space    used 8803K, committed 9024K, reserved 1048576K
}
Event: 6.891 GC heap before
{Heap before GC invocations=28 (full 0):
 garbage-first heap   total 117760K, used 90532K [0x0000000080000000, 0x0000000100000000)
  region size 1024K, 31 young (31744K), 1 survivors (1024K)
 Metaspace       used 69123K, committed 69696K, reserved 1114112K
  class space    used 9204K, committed 9472K, reserved 1048576K
}
Event: 6.893 GC heap after
{Heap after GC invocations=29 (full 0):
 garbage-first heap   total 117760K, used 61482K [0x0000000080000000, 0x0000000100000000)
  region size 1024K, 3 young (3072K), 3 survivors (3072K)
 Metaspace       used 69123K, committed 69696K, reserved 1114112K
  class space    used 9204K, committed 9472K, reserved 1048576K
}
Event: 7.228 GC heap before
{Heap before GC invocations=30 (full 0):
 garbage-first heap   total 117760K, used 92202K [0x0000000080000000, 0x0000000100000000)
  region size 1024K, 33 young (33792K), 3 survivors (3072K)
 Metaspace       used 72998K, committed 73536K, reserved 1114112K
  class space    used 9736K, committed 9984K, reserved 1048576K
}
Event: 7.231 GC heap after
{Heap after GC invocations=31 (full 0):
 garbage-first heap   total 117760K, used 63493K [0x0000000080000000, 0x0000000100000000)
  region size 1024K, 5 young (5120K), 5 survivors (5120K)
 Metaspace       used 72998K, committed 73536K, reserved 1114112K
  class space    used 9736K, committed 9984K, reserved 1048576K
}
Event: 7.240 GC heap before
{Heap before GC invocations=31 (full 0):
 garbage-first heap   total 117760K, used 63493K [0x0000000080000000, 0x0000000100000000)
  region size 1024K, 6 young (6144K), 5 survivors (5120K)
 Metaspace       used 73126K, committed 73728K, reserved 1114112K
  class space    used 9757K, committed 10048K, reserved 1048576K
}
Event: 7.243 GC heap after
{Heap after GC invocations=32 (full 0):
 garbage-first heap   total 117760K, used 63644K [0x0000000080000000, 0x0000000100000000)
  region size 1024K, 1 young (1024K), 1 survivors (1024K)
 Metaspace       used 73126K, committed 73728K, reserved 1114112K
  class space    used 9757K, committed 10048K, reserved 1048576K
}
Event: 7.521 GC heap before
{Heap before GC invocations=32 (full 0):
 garbage-first heap   total 117760K, used 93340K [0x0000000080000000, 0x0000000100000000)
  region size 1024K, 30 young (30720K), 1 survivors (1024K)
 Metaspace       used 75753K, committed 76352K, reserved 1122304K
  class space    used 10111K, committed 10368K, reserved 1048576K
}

