# JRE version: OpenJDK Runtime Environment (17.0.6) (build 17.0.6+0-b2043.56-10027231)
# Java VM: OpenJDK 64-Bit Server VM (17.0.6+0-b2043.56-10027231, mixed mode, tiered, compressed oops, compressed class ptrs, g1 gc, windows-amd64)
GC Precious Log:
 CPUs: 8 total, 8 available
 Memory: 7993M
 Large Page Support: Disabled
 NUMA Support: Disabled
 Compressed Oops: Enabled (32-bit)
 Heap Region Size: 1M
 Heap Min Capacity: 8M
 Heap Initial Capacity: 126M
 Heap Max Capacity: 2G
 Pre-touch: Disabled
 Parallel Workers: 8
 Concurrent Workers: 2
 Concurrent Refinement Workers: 8
 Periodic GC: Disabled
Heap:
 garbage-first heap   total 398336K, used 180358K [0x0000000080000000, 0x0000000100000000)
  region size 1024K, 3 young (3072K), 3 survivors (3072K)
 Metaspace       used 127597K, committed 128384K, reserved 1163264K
  class space    used 17462K, committed 17856K, reserved 1048576K
GC Heap History (20 events):
Event: 12.576 GC heap after
{Heap after GC invocations=39 (full 0):
 garbage-first heap   total 392192K, used 138927K [0x0000000080000000, 0x0000000100000000)
  region size 1024K, 14 young (14336K), 14 survivors (14336K)
 Metaspace       used 105239K, committed 105984K, reserved 1146880K
  class space    used 14144K, committed 14464K, reserved 1048576K
}
Event: 12.911 GC heap before
{Heap before GC invocations=39 (full 0):
 garbage-first heap   total 392192K, used 281263K [0x0000000080000000, 0x0000000100000000)
  region size 1024K, 154 young (157696K), 14 survivors (14336K)
 Metaspace       used 106175K, committed 106880K, reserved 1146880K
  class space    used 14213K, committed 14528K, reserved 1048576K
}
Event: 12.917 GC heap after
{Heap after GC invocations=40 (full 0):
 garbage-first heap   total 392192K, used 135265K [0x0000000080000000, 0x0000000100000000)
  region size 1024K, 5 young (5120K), 5 survivors (5120K)
 Metaspace       used 106175K, committed 106880K, reserved 1146880K
  class space    used 14213K, committed 14528K, reserved 1048576K
}
Event: 14.455 GC heap before
{Heap before GC invocations=40 (full 0):
 garbage-first heap   total 392192K, used 300129K [0x0000000080000000, 0x0000000100000000)
  region size 1024K, 165 young (168960K), 5 survivors (5120K)
 Metaspace       used 109327K, committed 110144K, reserved 1146880K
  class space    used 14558K, committed 14976K, reserved 1048576K
}
Event: 14.462 GC heap after
{Heap after GC invocations=41 (full 0):
 garbage-first heap   total 392192K, used 134024K [0x0000000080000000, 0x0000000100000000)
  region size 1024K, 6 young (6144K), 6 survivors (6144K)
 Metaspace       used 109327K, committed 110144K, reserved 1146880K
  class space    used 14558K, committed 14976K, reserved 1048576K
}
Event: 15.112 GC heap before
{Heap before GC invocations=41 (full 0):
 garbage-first heap   total 392192K, used 308104K [0x0000000080000000, 0x0000000100000000)
  region size 1024K, 177 young (181248K), 6 survivors (6144K)
 Metaspace       used 109589K, committed 110400K, reserved 1146880K
  class space    used 14573K, committed 14976K, reserved 1048576K
}
Event: 15.118 GC heap after
{Heap after GC invocations=42 (full 0):
 garbage-first heap   total 392192K, used 134839K [0x0000000080000000, 0x0000000100000000)
  region size 1024K, 7 young (7168K), 7 survivors (7168K)
 Metaspace       used 109589K, committed 110400K, reserved 1146880K
  class space    used 14573K, committed 14976K, reserved 1048576K
}
Event: 15.903 GC heap before
{Heap before GC invocations=42 (full 0):
 garbage-first heap   total 392192K, used 316087K [0x0000000080000000, 0x0000000100000000)
  region size 1024K, 185 young (189440K), 7 survivors (7168K)
 Metaspace       used 117598K, committed 118400K, reserved 1155072K
  class space    used 15796K, committed 16192K, reserved 1048576K
}
Event: 15.925 GC heap after
{Heap after GC invocations=43 (full 0):
 garbage-first heap   total 392192K, used 164102K [0x0000000080000000, 0x0000000100000000)
  region size 1024K, 24 young (24576K), 24 survivors (24576K)
 Metaspace       used 117598K, committed 118400K, reserved 1155072K
  class space    used 15796K, committed 16192K, reserved 1048576K
}
Event: 16.133 GC heap before
{Heap before GC invocations=43 (full 0):
 garbage-first heap   total 392192K, used 304390K [0x0000000080000000, 0x0000000100000000)
  region size 1024K, 162 young (165888K), 24 survivors (24576K)
 Metaspace       used 121274K, committed 122112K, reserved 1155072K
  class space    used 16517K, committed 16960K, reserved 1048576K
}
Event: 16.160 GC heap after
{Heap after GC invocations=44 (full 0):
 garbage-first heap   total 392192K, used 186130K [0x0000000080000000, 0x0000000100000000)
  region size 1024K, 21 young (21504K), 21 survivors (21504K)
 Metaspace       used 121274K, committed 122112K, reserved 1155072K
  class space    used 16517K, committed 16960K, reserved 1048576K
}
Event: 16.536 GC heap before
{Heap before GC invocations=44 (full 0):
 garbage-first heap   total 392192K, used 307986K [0x0000000080000000, 0x0000000100000000)
  region size 1024K, 140 young (143360K), 21 survivors (21504K)
 Metaspace       used 124749K, committed 125632K, reserved 1163264K
  class space    used 17125K, committed 17536K, reserved 1048576K
}
Event: 16.559 GC heap after
{Heap after GC invocations=45 (full 0):
 garbage-first heap   total 392192K, used 201506K [0x0000000080000000, 0x0000000100000000)
  region size 1024K, 13 young (13312K), 13 survivors (13312K)
 Metaspace       used 124749K, committed 125632K, reserved 1163264K
  class space    used 17125K, committed 17536K, reserved 1048576K
}
Event: 16.873 GC heap before
{Heap before GC invocations=45 (full 0):
 garbage-first heap   total 392192K, used 313122K [0x0000000080000000, 0x0000000100000000)
  region size 1024K, 122 young (124928K), 13 survivors (13312K)
 Metaspace       used 125709K, committed 126592K, reserved 1163264K
  class space    used 17234K, committed 17664K, reserved 1048576K
}
Event: 16.884 GC heap after
{Heap after GC invocations=46 (full 0):
 garbage-first heap   total 392192K, used 204278K [0x0000000080000000, 0x0000000100000000)
  region size 1024K, 3 young (3072K), 3 survivors (3072K)
 Metaspace       used 125709K, committed 126592K, reserved 1163264K
  class space    used 17234K, committed 17664K, reserved 1048576K
}
Event: 17.335 GC heap before
{Heap before GC invocations=47 (full 0):
 garbage-first heap   total 398336K, used 304630K [0x0000000080000000, 0x0000000100000000)
  region size 1024K, 116 young (118784K), 3 survivors (3072K)
 Metaspace       used 126320K, committed 127168K, reserved 1163264K
  class space    used 17325K, committed 17728K, reserved 1048576K
}
Event: 17.339 GC heap after
{Heap after GC invocations=48 (full 0):
 garbage-first heap   total 398336K, used 188241K [0x0000000080000000, 0x0000000100000000)
  region size 1024K, 2 young (2048K), 2 survivors (2048K)
 Metaspace       used 126320K, committed 127168K, reserved 1163264K
  class space    used 17325K, committed 17728K, reserved 1048576K
}
Event: 17.369 GC heap before
{Heap before GC invocations=48 (full 0):
 garbage-first heap   total 398336K, used 205649K [0x0000000080000000, 0x0000000100000000)
  region size 1024K, 19 young (19456K), 2 survivors (2048K)
 Metaspace       used 126360K, committed 127168K, reserved 1163264K
  class space    used 17329K, committed 17728K, reserved 1048576K
}
Event: 17.372 GC heap after
{Heap after GC invocations=49 (full 0):
 garbage-first heap   total 398336K, used 179194K [0x0000000080000000, 0x0000000100000000)
  region size 1024K, 2 young (2048K), 2 survivors (2048K)
 Metaspace       used 126360K, committed 127168K, reserved 1163264K
  class space    used 17329K, committed 17728K, reserved 1048576K
}
Event: 18.193 GC heap before
{Heap before GC invocations=49 (full 0):
 garbage-first heap   total 398336K, used 326650K [0x0000000080000000, 0x0000000100000000)
  region size 1024K, 146 young (149504K), 2 survivors (2048K)
 Metaspace       used 127597K, committed 128384K, reserved 1163264K
  class space    used 17462K, committed 17856K, reserved 1048576K
}

