# JRE version: OpenJDK Runtime Environment (17.0.6) (build 17.0.6+0-b2043.56-10027231)
# Java VM: OpenJDK 64-Bit Server VM (17.0.6+0-b2043.56-10027231, mixed mode, tiered, compressed oops, compressed class ptrs, g1 gc, windows-amd64)
GC Precious Log:
 CPUs: 8 total, 8 available
 Memory: 7993M
 Large Page Support: Disabled
 NUMA Support: Disabled
 Compressed Oops: Enabled (32-bit)
 Heap Region Size: 1M
 Heap Min Capacity: 8M
 Heap Initial Capacity: 126M
 Heap Max Capacity: 2G
 Pre-touch: Disabled
 Parallel Workers: 8
 Concurrent Workers: 2
 Concurrent Refinement Workers: 8
 Periodic GC: Disabled
Heap:
 garbage-first heap   total 152576K, used 86245K [0x0000000080000000, 0x0000000100000000)
  region size 1024K, 1 young (1024K), 1 survivors (1024K)
 Metaspace       used 93577K, committed 94208K, reserved 1130496K
  class space    used 12801K, committed 13120K, reserved 1048576K
GC Heap History (20 events):
Event: 5.915 GC heap after
{Heap after GC invocations=23 (full 0):
 garbage-first heap   total 141312K, used 58568K [0x0000000080000000, 0x0000000100000000)
  region size 1024K, 1 young (1024K), 1 survivors (1024K)
 Metaspace       used 65294K, committed 65856K, reserved 1114112K
  class space    used 8676K, committed 8896K, reserved 1048576K
}
Event: 6.295 GC heap before
{Heap before GC invocations=23 (full 0):
 garbage-first heap   total 141312K, used 98504K [0x0000000080000000, 0x0000000100000000)
  region size 1024K, 40 young (40960K), 1 survivors (1024K)
 Metaspace       used 68931K, committed 69504K, reserved 1114112K
  class space    used 9168K, committed 9472K, reserved 1048576K
}
Event: 6.298 GC heap after
{Heap after GC invocations=24 (full 0):
 garbage-first heap   total 141312K, used 61358K [0x0000000080000000, 0x0000000100000000)
  region size 1024K, 4 young (4096K), 4 survivors (4096K)
 Metaspace       used 68931K, committed 69504K, reserved 1114112K
  class space    used 9168K, committed 9472K, reserved 1048576K
}
Event: 6.680 GC heap before
{Heap before GC invocations=24 (full 0):
 garbage-first heap   total 141312K, used 103342K [0x0000000080000000, 0x0000000100000000)
  region size 1024K, 45 young (46080K), 4 survivors (4096K)
 Metaspace       used 74140K, committed 74752K, reserved 1114112K
  class space    used 9892K, committed 10176K, reserved 1048576K
}
Event: 6.684 GC heap after
{Heap after GC invocations=25 (full 0):
 garbage-first heap   total 141312K, used 64366K [0x0000000080000000, 0x0000000100000000)
  region size 1024K, 3 young (3072K), 3 survivors (3072K)
 Metaspace       used 74140K, committed 74752K, reserved 1114112K
  class space    used 9892K, committed 10176K, reserved 1048576K
}
Event: 7.100 GC heap before
{Heap before GC invocations=25 (full 0):
 garbage-first heap   total 141312K, used 106350K [0x0000000080000000, 0x0000000100000000)
  region size 1024K, 45 young (46080K), 3 survivors (3072K)
 Metaspace       used 77028K, committed 77632K, reserved 1122304K
  class space    used 10274K, committed 10560K, reserved 1048576K
}
Event: 7.103 GC heap after
{Heap after GC invocations=26 (full 0):
 garbage-first heap   total 141312K, used 67158K [0x0000000080000000, 0x0000000100000000)
  region size 1024K, 6 young (6144K), 6 survivors (6144K)
 Metaspace       used 77028K, committed 77632K, reserved 1122304K
  class space    used 10274K, committed 10560K, reserved 1048576K
}
Event: 7.549 GC heap before
{Heap before GC invocations=26 (full 0):
 garbage-first heap   total 141312K, used 110166K [0x0000000080000000, 0x0000000100000000)
  region size 1024K, 48 young (49152K), 6 survivors (6144K)
 Metaspace       used 82007K, committed 82688K, reserved 1122304K
  class space    used 11147K, committed 11456K, reserved 1048576K
}
Event: 7.554 GC heap after
{Heap after GC invocations=27 (full 0):
 garbage-first heap   total 141312K, used 69701K [0x0000000080000000, 0x0000000100000000)
  region size 1024K, 6 young (6144K), 6 survivors (6144K)
 Metaspace       used 82007K, committed 82688K, reserved 1122304K
  class space    used 11147K, committed 11456K, reserved 1048576K
}
Event: 7.998 GC heap before
{Heap before GC invocations=27 (full 0):
 garbage-first heap   total 141312K, used 111685K [0x0000000080000000, 0x0000000100000000)
  region size 1024K, 47 young (48128K), 6 survivors (6144K)
 Metaspace       used 86151K, committed 86784K, reserved 1130496K
  class space    used 11757K, committed 12032K, reserved 1048576K
}
Event: 8.004 GC heap after
{Heap after GC invocations=28 (full 0):
 garbage-first heap   total 141312K, used 73149K [0x0000000080000000, 0x0000000100000000)
  region size 1024K, 6 young (6144K), 6 survivors (6144K)
 Metaspace       used 86151K, committed 86784K, reserved 1130496K
  class space    used 11757K, committed 12032K, reserved 1048576K
}
Event: 8.486 GC heap before
{Heap before GC invocations=29 (full 0):
 garbage-first heap   total 141312K, used 113085K [0x0000000080000000, 0x0000000100000000)
  region size 1024K, 45 young (46080K), 6 survivors (6144K)
 Metaspace       used 91553K, committed 92160K, reserved 1130496K
  class space    used 12532K, committed 12800K, reserved 1048576K
}
Event: 8.491 GC heap after
{Heap after GC invocations=30 (full 0):
 garbage-first heap   total 141312K, used 76180K [0x0000000080000000, 0x0000000100000000)
  region size 1024K, 4 young (4096K), 4 survivors (4096K)
 Metaspace       used 91553K, committed 92160K, reserved 1130496K
  class space    used 12532K, committed 12800K, reserved 1048576K
}
Event: 8.514 GC heap before
{Heap before GC invocations=30 (full 0):
 garbage-first heap   total 141312K, used 78228K [0x0000000080000000, 0x0000000100000000)
  region size 1024K, 6 young (6144K), 4 survivors (4096K)
 Metaspace       used 91665K, committed 92288K, reserved 1130496K
  class space    used 12546K, committed 12800K, reserved 1048576K
}
Event: 8.518 GC heap after
{Heap after GC invocations=31 (full 0):
 garbage-first heap   total 141312K, used 76309K [0x0000000080000000, 0x0000000100000000)
  region size 1024K, 1 young (1024K), 1 survivors (1024K)
 Metaspace       used 91665K, committed 92288K, reserved 1130496K
  class space    used 12546K, committed 12800K, reserved 1048576K
}
Event: 8.815 GC heap before
{Heap before GC invocations=31 (full 0):
 garbage-first heap   total 141312K, used 114197K [0x0000000080000000, 0x0000000100000000)
  region size 1024K, 38 young (38912K), 1 survivors (1024K)
 Metaspace       used 93394K, committed 94016K, reserved 1130496K
  class space    used 12780K, committed 13056K, reserved 1048576K
}
Event: 8.821 GC heap after
{Heap after GC invocations=32 (full 0):
 garbage-first heap   total 141312K, used 80259K [0x0000000080000000, 0x0000000100000000)
  region size 1024K, 5 young (5120K), 5 survivors (5120K)
 Metaspace       used 93394K, committed 94016K, reserved 1130496K
  class space    used 12780K, committed 13056K, reserved 1048576K
}
Event: 9.028 GC heap before
{Heap before GC invocations=33 (full 0):
 garbage-first heap   total 152576K, used 115075K [0x0000000080000000, 0x0000000100000000)
  region size 1024K, 39 young (39936K), 5 survivors (5120K)
 Metaspace       used 93501K, committed 94080K, reserved 1130496K
  class space    used 12786K, committed 13056K, reserved 1048576K
}
Event: 9.034 GC heap after
{Heap after GC invocations=34 (full 0):
 garbage-first heap   total 152576K, used 85469K [0x0000000080000000, 0x0000000100000000)
  region size 1024K, 5 young (5120K), 5 survivors (5120K)
 Metaspace       used 93501K, committed 94080K, reserved 1130496K
  class space    used 12786K, committed 13056K, reserved 1048576K
}
Event: 9.056 GC heap before
{Heap before GC invocations=34 (full 0):
 garbage-first heap   total 152576K, used 87517K [0x0000000080000000, 0x0000000100000000)
  region size 1024K, 7 young (7168K), 5 survivors (5120K)
 Metaspace       used 93577K, committed 94208K, reserved 1130496K
  class space    used 12801K, committed 13120K, reserved 1048576K
}

