# JRE version: OpenJDK Runtime Environment (17.0.6) (build 17.0.6+0-b2043.56-10027231)
# Java VM: OpenJDK 64-Bit Server VM (17.0.6+0-b2043.56-10027231, mixed mode, tiered, compressed oops, compressed class ptrs, g1 gc, windows-amd64)
GC Precious Log:
 CPUs: 8 total, 8 available
 Memory: 7993M
 Large Page Support: Disabled
 NUMA Support: Disabled
 Compressed Oops: Enabled (32-bit)
 Heap Region Size: 1M
 Heap Min Capacity: 8M
 Heap Initial Capacity: 126M
 Heap Max Capacity: 2G
 Pre-touch: Disabled
 Parallel Workers: 8
 Concurrent Workers: 2
 Concurrent Refinement Workers: 8
 Periodic GC: Disabled
Heap:
 garbage-first heap   total 191488K, used 132744K [0x0000000080000000, 0x0000000100000000)
  region size 1024K, 5 young (5120K), 5 survivors (5120K)
 Metaspace       used 107568K, committed 108352K, reserved 1146880K
  class space    used 14562K, committed 14976K, reserved 1048576K
GC Heap History (20 events):
Event: 7.360 GC heap after
{Heap after GC invocations=28 (full 0):
 garbage-first heap   total 130048K, used 64124K [0x0000000080000000, 0x0000000100000000)
  region size 1024K, 3 young (3072K), 3 survivors (3072K)
 Metaspace       used 74531K, committed 75136K, reserved 1114112K
  class space    used 9881K, committed 10176K, reserved 1048576K
}
Event: 7.651 GC heap before
{Heap before GC invocations=29 (full 0):
 garbage-first heap   total 130048K, used 94844K [0x0000000080000000, 0x0000000100000000)
  region size 1024K, 33 young (33792K), 3 survivors (3072K)
 Metaspace       used 78400K, committed 78976K, reserved 1122304K
  class space    used 10423K, committed 10688K, reserved 1048576K
}
Event: 7.654 GC heap after
{Heap after GC invocations=30 (full 0):
 garbage-first heap   total 130048K, used 65898K [0x0000000080000000, 0x0000000100000000)
  region size 1024K, 5 young (5120K), 5 survivors (5120K)
 Metaspace       used 78400K, committed 78976K, reserved 1122304K
  class space    used 10423K, committed 10688K, reserved 1048576K
}
Event: 7.665 GC heap before
{Heap before GC invocations=30 (full 0):
 garbage-first heap   total 130048K, used 66922K [0x0000000080000000, 0x0000000100000000)
  region size 1024K, 6 young (6144K), 5 survivors (5120K)
 Metaspace       used 78494K, committed 79040K, reserved 1122304K
  class space    used 10437K, committed 10688K, reserved 1048576K
}
Event: 7.669 GC heap after
{Heap after GC invocations=31 (full 0):
 garbage-first heap   total 191488K, used 66151K [0x0000000080000000, 0x0000000100000000)
  region size 1024K, 1 young (1024K), 1 survivors (1024K)
 Metaspace       used 78494K, committed 79040K, reserved 1122304K
  class space    used 10437K, committed 10688K, reserved 1048576K
}
Event: 8.389 GC heap before
{Heap before GC invocations=31 (full 0):
 garbage-first heap   total 191488K, used 133735K [0x0000000080000000, 0x0000000100000000)
  region size 1024K, 67 young (68608K), 1 survivors (1024K)
 Metaspace       used 83917K, committed 84544K, reserved 1122304K
  class space    used 11173K, committed 11456K, reserved 1048576K
}
Event: 8.393 GC heap after
{Heap after GC invocations=32 (full 0):
 garbage-first heap   total 191488K, used 71257K [0x0000000080000000, 0x0000000100000000)
  region size 1024K, 6 young (6144K), 6 survivors (6144K)
 Metaspace       used 83917K, committed 84544K, reserved 1122304K
  class space    used 11173K, committed 11456K, reserved 1048576K
}
Event: 9.140 GC heap before
{Heap before GC invocations=32 (full 0):
 garbage-first heap   total 191488K, used 139865K [0x0000000080000000, 0x0000000100000000)
  region size 1024K, 73 young (74752K), 6 survivors (6144K)
 Metaspace       used 91536K, committed 92160K, reserved 1130496K
  class space    used 12452K, committed 12736K, reserved 1048576K
}
Event: 9.147 GC heap after
{Heap after GC invocations=33 (full 0):
 garbage-first heap   total 191488K, used 75330K [0x0000000080000000, 0x0000000100000000)
  region size 1024K, 6 young (6144K), 6 survivors (6144K)
 Metaspace       used 91536K, committed 92160K, reserved 1130496K
  class space    used 12452K, committed 12736K, reserved 1048576K
}
Event: 9.841 GC heap before
{Heap before GC invocations=33 (full 0):
 garbage-first heap   total 191488K, used 144962K [0x0000000080000000, 0x0000000100000000)
  region size 1024K, 74 young (75776K), 6 survivors (6144K)
 Metaspace       used 98792K, committed 99456K, reserved 1138688K
  class space    used 13479K, committed 13760K, reserved 1048576K
}
Event: 9.848 GC heap after
{Heap after GC invocations=34 (full 0):
 garbage-first heap   total 191488K, used 80583K [0x0000000080000000, 0x0000000100000000)
  region size 1024K, 10 young (10240K), 10 survivors (10240K)
 Metaspace       used 98792K, committed 99456K, reserved 1138688K
  class space    used 13479K, committed 13760K, reserved 1048576K
}
Event: 10.326 GC heap before
{Heap before GC invocations=34 (full 0):
 garbage-first heap   total 191488K, used 149191K [0x0000000080000000, 0x0000000100000000)
  region size 1024K, 77 young (78848K), 10 survivors (10240K)
 Metaspace       used 102322K, committed 102912K, reserved 1138688K
  class space    used 13921K, committed 14208K, reserved 1048576K
}
Event: 10.337 GC heap after
{Heap after GC invocations=35 (full 0):
 garbage-first heap   total 191488K, used 89746K [0x0000000080000000, 0x0000000100000000)
  region size 1024K, 9 young (9216K), 9 survivors (9216K)
 Metaspace       used 102322K, committed 102912K, reserved 1138688K
  class space    used 13921K, committed 14208K, reserved 1048576K
}
Event: 10.880 GC heap before
{Heap before GC invocations=35 (full 0):
 garbage-first heap   total 191488K, used 149138K [0x0000000080000000, 0x0000000100000000)
  region size 1024K, 68 young (69632K), 9 survivors (9216K)
 Metaspace       used 103809K, committed 104576K, reserved 1138688K
  class space    used 14170K, committed 14528K, reserved 1048576K
}
Event: 10.889 GC heap after
{Heap after GC invocations=36 (full 0):
 garbage-first heap   total 191488K, used 94584K [0x0000000080000000, 0x0000000100000000)
  region size 1024K, 5 young (5120K), 5 survivors (5120K)
 Metaspace       used 103809K, committed 104576K, reserved 1138688K
  class space    used 14170K, committed 14528K, reserved 1048576K
}
Event: 11.786 GC heap before
{Heap before GC invocations=36 (full 0):
 garbage-first heap   total 191488K, used 161144K [0x0000000080000000, 0x0000000100000000)
  region size 1024K, 62 young (63488K), 5 survivors (5120K)
 Metaspace       used 106812K, committed 107584K, reserved 1146880K
  class space    used 14506K, committed 14912K, reserved 1048576K
}
Event: 11.797 GC heap after
{Heap after GC invocations=37 (full 0):
 garbage-first heap   total 191488K, used 108135K [0x0000000080000000, 0x0000000100000000)
  region size 1024K, 8 young (8192K), 8 survivors (8192K)
 Metaspace       used 106812K, committed 107584K, reserved 1146880K
  class space    used 14506K, committed 14912K, reserved 1048576K
}
Event: 12.366 GC heap before
{Heap before GC invocations=37 (full 0):
 garbage-first heap   total 191488K, used 159335K [0x0000000080000000, 0x0000000100000000)
  region size 1024K, 50 young (51200K), 8 survivors (8192K)
 Metaspace       used 107398K, committed 108160K, reserved 1146880K
  class space    used 14553K, committed 14912K, reserved 1048576K
}
Event: 12.379 GC heap after
{Heap after GC invocations=38 (full 0):
 garbage-first heap   total 191488K, used 122376K [0x0000000080000000, 0x0000000100000000)
  region size 1024K, 7 young (7168K), 7 survivors (7168K)
 Metaspace       used 107398K, committed 108160K, reserved 1146880K
  class space    used 14553K, committed 14912K, reserved 1048576K
}
Event: 12.834 GC heap before
{Heap before GC invocations=38 (full 0):
 garbage-first heap   total 191488K, used 154120K [0x0000000080000000, 0x0000000100000000)
  region size 1024K, 36 young (36864K), 7 survivors (7168K)
 Metaspace       used 107568K, committed 108352K, reserved 1146880K
  class space    used 14562K, committed 14976K, reserved 1048576K
}

