# JRE version: OpenJDK Runtime Environment (17.0.6) (build 17.0.6+0-b2043.56-10027231)
# Java VM: OpenJDK 64-Bit Server VM (17.0.6+0-b2043.56-10027231, mixed mode, tiered, compressed oops, compressed class ptrs, g1 gc, windows-amd64)
GC Precious Log:
 CPUs: 8 total, 8 available
 Memory: 7993M
 Large Page Support: Disabled
 NUMA Support: Disabled
 Compressed Oops: Enabled (32-bit)
 Heap Region Size: 1M
 Heap Min Capacity: 8M
 Heap Initial Capacity: 126M
 Heap Max Capacity: 2G
 Pre-touch: Disabled
 Parallel Workers: 8
 Concurrent Workers: 2
 Concurrent Refinement Workers: 8
 Periodic GC: Disabled
Heap:
 garbage-first heap   total 271360K, used 201811K [0x0000000080000000, 0x0000000100000000)
  region size 1024K, 52 young (53248K), 5 survivors (5120K)
 Metaspace       used 109725K, committed 110464K, reserved 1146880K
  class space    used 14684K, committed 15040K, reserved 1048576K
GC Heap History (20 events):
Event: 8.480 GC heap before
{Heap before GC invocations=38 (full 0):
 garbage-first heap   total 168960K, used 128887K [0x0000000080000000, 0x0000000100000000)
  region size 1024K, 34 young (34816K), 3 survivors (3072K)
 Metaspace       used 74842K, committed 75456K, reserved 1122304K
  class space    used 10047K, committed 10368K, reserved 1048576K
}
Event: 8.484 GC heap after
{Heap after GC invocations=39 (full 0):
 garbage-first heap   total 168960K, used 99163K [0x0000000080000000, 0x0000000100000000)
  region size 1024K, 5 young (5120K), 5 survivors (5120K)
 Metaspace       used 74842K, committed 75456K, reserved 1122304K
  class space    used 10047K, committed 10368K, reserved 1048576K
}
Event: 8.856 GC heap before
{Heap before GC invocations=39 (full 0):
 garbage-first heap   total 168960K, used 131931K [0x0000000080000000, 0x0000000100000000)
  region size 1024K, 38 young (38912K), 5 survivors (5120K)
 Metaspace       used 77759K, committed 78400K, reserved 1122304K
  class space    used 10445K, committed 10752K, reserved 1048576K
}
Event: 8.862 GC heap after
{Heap after GC invocations=40 (full 0):
 garbage-first heap   total 168960K, used 102182K [0x0000000080000000, 0x0000000100000000)
  region size 1024K, 5 young (5120K), 5 survivors (5120K)
 Metaspace       used 77759K, committed 78400K, reserved 1122304K
  class space    used 10445K, committed 10752K, reserved 1048576K
}
Event: 9.215 GC heap before
{Heap before GC invocations=41 (full 0):
 garbage-first heap   total 181248K, used 134950K [0x0000000080000000, 0x0000000100000000)
  region size 1024K, 37 young (37888K), 5 survivors (5120K)
 Metaspace       used 81397K, committed 82176K, reserved 1122304K
  class space    used 10906K, committed 11264K, reserved 1048576K
}
Event: 9.220 GC heap after
{Heap after GC invocations=42 (full 0):
 garbage-first heap   total 181248K, used 103512K [0x0000000080000000, 0x0000000100000000)
  region size 1024K, 2 young (2048K), 2 survivors (2048K)
 Metaspace       used 81397K, committed 82176K, reserved 1122304K
  class space    used 10906K, committed 11264K, reserved 1048576K
}
Event: 9.302 GC heap before
{Heap before GC invocations=42 (full 0):
 garbage-first heap   total 181248K, used 110680K [0x0000000080000000, 0x0000000100000000)
  region size 1024K, 10 young (10240K), 2 survivors (2048K)
 Metaspace       used 82772K, committed 83520K, reserved 1122304K
  class space    used 11082K, committed 11456K, reserved 1048576K
}
Event: 9.305 GC heap after
{Heap after GC invocations=43 (full 0):
 garbage-first heap   total 218112K, used 103413K [0x0000000080000000, 0x0000000100000000)
  region size 1024K, 2 young (2048K), 2 survivors (2048K)
 Metaspace       used 82772K, committed 83520K, reserved 1122304K
  class space    used 11082K, committed 11456K, reserved 1048576K
}
Event: 10.020 GC heap before
{Heap before GC invocations=44 (full 0):
 garbage-first heap   total 218112K, used 154613K [0x0000000080000000, 0x0000000100000000)
  region size 1024K, 49 young (50176K), 2 survivors (2048K)
 Metaspace       used 91117K, committed 91904K, reserved 1130496K
  class space    used 12615K, committed 12992K, reserved 1048576K
}
Event: 10.024 GC heap after
{Heap after GC invocations=45 (full 0):
 garbage-first heap   total 218112K, used 108848K [0x0000000080000000, 0x0000000100000000)
  region size 1024K, 3 young (3072K), 3 survivors (3072K)
 Metaspace       used 91117K, committed 91904K, reserved 1130496K
  class space    used 12615K, committed 12992K, reserved 1048576K
}
Event: 10.396 GC heap before
{Heap before GC invocations=46 (full 0):
 garbage-first heap   total 218112K, used 189744K [0x0000000080000000, 0x0000000100000000)
  region size 1024K, 76 young (77824K), 3 survivors (3072K)
 Metaspace       used 91300K, committed 92096K, reserved 1130496K
  class space    used 12623K, committed 12992K, reserved 1048576K
}
Event: 10.413 GC heap after
{Heap after GC invocations=47 (full 0):
 garbage-first heap   total 218112K, used 131323K [0x0000000080000000, 0x0000000100000000)
  region size 1024K, 10 young (10240K), 10 survivors (10240K)
 Metaspace       used 91300K, committed 92096K, reserved 1130496K
  class space    used 12623K, committed 12992K, reserved 1048576K
}
Event: 10.900 GC heap before
{Heap before GC invocations=47 (full 0):
 garbage-first heap   total 218112K, used 174331K [0x0000000080000000, 0x0000000100000000)
  region size 1024K, 52 young (53248K), 10 survivors (10240K)
 Metaspace       used 95101K, committed 95872K, reserved 1138688K
  class space    used 13070K, committed 13440K, reserved 1048576K
}
Event: 10.912 GC heap after
{Heap after GC invocations=48 (full 0):
 garbage-first heap   total 218112K, used 137399K [0x0000000080000000, 0x0000000100000000)
  region size 1024K, 6 young (6144K), 6 survivors (6144K)
 Metaspace       used 95101K, committed 95872K, reserved 1138688K
  class space    used 13070K, committed 13440K, reserved 1048576K
}
Event: 11.418 GC heap before
{Heap before GC invocations=49 (full 0):
 garbage-first heap   total 250880K, used 183479K [0x0000000080000000, 0x0000000100000000)
  region size 1024K, 45 young (46080K), 6 survivors (6144K)
 Metaspace       used 98342K, committed 99072K, reserved 1138688K
  class space    used 13411K, committed 13760K, reserved 1048576K
}
Event: 11.424 GC heap after
{Heap after GC invocations=50 (full 0):
 garbage-first heap   total 250880K, used 149498K [0x0000000080000000, 0x0000000100000000)
  region size 1024K, 6 young (6144K), 6 survivors (6144K)
 Metaspace       used 98342K, committed 99072K, reserved 1138688K
  class space    used 13411K, committed 13760K, reserved 1048576K
}
Event: 11.495 GC heap before
{Heap before GC invocations=50 (full 0):
 garbage-first heap   total 250880K, used 155642K [0x0000000080000000, 0x0000000100000000)
  region size 1024K, 12 young (12288K), 6 survivors (6144K)
 Metaspace       used 99224K, committed 99968K, reserved 1138688K
  class space    used 13486K, committed 13824K, reserved 1048576K
}
Event: 11.498 GC heap after
{Heap after GC invocations=51 (full 0):
 garbage-first heap   total 250880K, used 150393K [0x0000000080000000, 0x0000000100000000)
  region size 1024K, 1 young (1024K), 1 survivors (1024K)
 Metaspace       used 99224K, committed 99968K, reserved 1138688K
  class space    used 13486K, committed 13824K, reserved 1048576K
}
Event: 12.058 GC heap before
{Heap before GC invocations=51 (full 0):
 garbage-first heap   total 250880K, used 200569K [0x0000000080000000, 0x0000000100000000)
  region size 1024K, 50 young (51200K), 1 survivors (1024K)
 Metaspace       used 105993K, committed 106688K, reserved 1146880K
  class space    used 14201K, committed 14528K, reserved 1048576K
}
Event: 12.063 GC heap after
{Heap after GC invocations=52 (full 0):
 garbage-first heap   total 250880K, used 153683K [0x0000000080000000, 0x0000000100000000)
  region size 1024K, 5 young (5120K), 5 survivors (5120K)
 Metaspace       used 105993K, committed 106688K, reserved 1146880K
  class space    used 14201K, committed 14528K, reserved 1048576K
}

