# JRE version: OpenJDK Runtime Environment (17.0.6) (build 17.0.6+0-b2043.56-10027231)
# Java VM: OpenJDK 64-Bit Server VM (17.0.6+0-b2043.56-10027231, mixed mode, tiered, compressed oops, compressed class ptrs, g1 gc, windows-amd64)
GC Precious Log:
 CPUs: 8 total, 8 available
 Memory: 7993M
 Large Page Support: Disabled
 NUMA Support: Disabled
 Compressed Oops: Enabled (32-bit)
 Heap Region Size: 1M
 Heap Min Capacity: 8M
 Heap Initial Capacity: 126M
 Heap Max Capacity: 2G
 Pre-touch: Disabled
 Parallel Workers: 8
 Concurrent Workers: 2
 Concurrent Refinement Workers: 8
 Periodic GC: Disabled
Heap:
 garbage-first heap   total 97280K, used 53087K [0x0000000080000000, 0x0000000100000000)
  region size 1024K, 7 young (7168K), 5 survivors (5120K)
 Metaspace       used 57414K, committed 57920K, reserved 1105920K
  class space    used 7675K, committed 7872K, reserved 1048576K
GC Heap History (20 events):
Event: 2.749 GC heap before
{Heap before GC invocations=4 (full 0):
 garbage-first heap   total 68608K, used 50324K [0x0000000080000000, 0x0000000100000000)
  region size 1024K, 40 young (40960K), 9 survivors (9216K)
 Metaspace       used 26140K, committed 26432K, reserved 1073152K
  class space    used 3436K, committed 3584K, reserved 1048576K
}
Event: 2.755 GC heap after
{Heap after GC invocations=5 (full 0):
 garbage-first heap   total 68608K, used 20522K [0x0000000080000000, 0x0000000100000000)
  region size 1024K, 3 young (3072K), 3 survivors (3072K)
 Metaspace       used 26140K, committed 26432K, reserved 1073152K
  class space    used 3436K, committed 3584K, reserved 1048576K
}
Event: 2.770 GC heap before
{Heap before GC invocations=5 (full 0):
 garbage-first heap   total 68608K, used 20522K [0x0000000080000000, 0x0000000100000000)
  region size 1024K, 4 young (4096K), 3 survivors (3072K)
 Metaspace       used 26308K, committed 26560K, reserved 1073152K
  class space    used 3464K, committed 3584K, reserved 1048576K
}
Event: 2.772 GC heap after
{Heap after GC invocations=6 (full 0):
 garbage-first heap   total 68608K, used 20622K [0x0000000080000000, 0x0000000100000000)
  region size 1024K, 1 young (1024K), 1 survivors (1024K)
 Metaspace       used 26308K, committed 26560K, reserved 1073152K
  class space    used 3464K, committed 3584K, reserved 1048576K
}
Event: 3.172 GC heap before
{Heap before GC invocations=6 (full 0):
 garbage-first heap   total 68608K, used 47246K [0x0000000080000000, 0x0000000100000000)
  region size 1024K, 27 young (27648K), 1 survivors (1024K)
 Metaspace       used 30494K, committed 30848K, reserved 1081344K
  class space    used 4144K, committed 4288K, reserved 1048576K
}
Event: 3.174 GC heap after
{Heap after GC invocations=7 (full 0):
 garbage-first heap   total 68608K, used 21805K [0x0000000080000000, 0x0000000100000000)
  region size 1024K, 2 young (2048K), 2 survivors (2048K)
 Metaspace       used 30494K, committed 30848K, reserved 1081344K
  class space    used 4144K, committed 4288K, reserved 1048576K
}
Event: 3.508 GC heap before
{Heap before GC invocations=7 (full 0):
 garbage-first heap   total 68608K, used 49453K [0x0000000080000000, 0x0000000100000000)
  region size 1024K, 29 young (29696K), 2 survivors (2048K)
 Metaspace       used 35213K, committed 35584K, reserved 1081344K
  class space    used 4867K, committed 5056K, reserved 1048576K
}
Event: 3.511 GC heap after
{Heap after GC invocations=8 (full 0):
 garbage-first heap   total 68608K, used 23757K [0x0000000080000000, 0x0000000100000000)
  region size 1024K, 4 young (4096K), 4 survivors (4096K)
 Metaspace       used 35213K, committed 35584K, reserved 1081344K
  class space    used 4867K, committed 5056K, reserved 1048576K
}
Event: 3.531 GC heap before
{Heap before GC invocations=8 (full 0):
 garbage-first heap   total 68608K, used 23757K [0x0000000080000000, 0x0000000100000000)
  region size 1024K, 6 young (6144K), 4 survivors (4096K)
 Metaspace       used 35615K, committed 35968K, reserved 1081344K
  class space    used 4877K, committed 5056K, reserved 1048576K
}
Event: 3.533 GC heap after
{Heap after GC invocations=9 (full 0):
 garbage-first heap   total 68608K, used 24082K [0x0000000080000000, 0x0000000100000000)
  region size 1024K, 3 young (3072K), 3 survivors (3072K)
 Metaspace       used 35615K, committed 35968K, reserved 1081344K
  class space    used 4877K, committed 5056K, reserved 1048576K
}
Event: 3.796 GC heap before
{Heap before GC invocations=10 (full 0):
 garbage-first heap   total 68608K, used 45586K [0x0000000080000000, 0x0000000100000000)
  region size 1024K, 25 young (25600K), 3 survivors (3072K)
 Metaspace       used 40382K, committed 40704K, reserved 1089536K
  class space    used 5357K, committed 5504K, reserved 1048576K
}
Event: 3.800 GC heap after
{Heap after GC invocations=11 (full 0):
 garbage-first heap   total 68608K, used 27437K [0x0000000080000000, 0x0000000100000000)
  region size 1024K, 4 young (4096K), 4 survivors (4096K)
 Metaspace       used 40382K, committed 40704K, reserved 1089536K
  class space    used 5357K, committed 5504K, reserved 1048576K
}
Event: 3.944 GC heap before
{Heap before GC invocations=11 (full 0):
 garbage-first heap   total 68608K, used 50989K [0x0000000080000000, 0x0000000100000000)
  region size 1024K, 24 young (24576K), 4 survivors (4096K)
 Metaspace       used 42300K, committed 42624K, reserved 1089536K
  class space    used 5523K, committed 5632K, reserved 1048576K
}
Event: 3.947 GC heap after
{Heap after GC invocations=12 (full 0):
 garbage-first heap   total 97280K, used 28740K [0x0000000080000000, 0x0000000100000000)
  region size 1024K, 3 young (3072K), 3 survivors (3072K)
 Metaspace       used 42300K, committed 42624K, reserved 1089536K
  class space    used 5523K, committed 5632K, reserved 1048576K
}
Event: 4.412 GC heap before
{Heap before GC invocations=12 (full 0):
 garbage-first heap   total 97280K, used 68676K [0x0000000080000000, 0x0000000100000000)
  region size 1024K, 42 young (43008K), 3 survivors (3072K)
 Metaspace       used 46557K, committed 47040K, reserved 1097728K
  class space    used 6130K, committed 6336K, reserved 1048576K
}
Event: 4.416 GC heap after
{Heap after GC invocations=13 (full 0):
 garbage-first heap   total 97280K, used 30826K [0x0000000080000000, 0x0000000100000000)
  region size 1024K, 5 young (5120K), 5 survivors (5120K)
 Metaspace       used 46557K, committed 47040K, reserved 1097728K
  class space    used 6130K, committed 6336K, reserved 1048576K
}
Event: 4.988 GC heap before
{Heap before GC invocations=13 (full 0):
 garbage-first heap   total 97280K, used 71786K [0x0000000080000000, 0x0000000100000000)
  region size 1024K, 45 young (46080K), 5 survivors (5120K)
 Metaspace       used 52233K, committed 52672K, reserved 1097728K
  class space    used 7018K, committed 7232K, reserved 1048576K
}
Event: 4.993 GC heap after
{Heap after GC invocations=14 (full 0):
 garbage-first heap   total 97280K, used 32939K [0x0000000080000000, 0x0000000100000000)
  region size 1024K, 5 young (5120K), 5 survivors (5120K)
 Metaspace       used 52233K, committed 52672K, reserved 1097728K
  class space    used 7018K, committed 7232K, reserved 1048576K
}
Event: 5.544 GC heap before
{Heap before GC invocations=14 (full 0):
 garbage-first heap   total 97280K, used 76971K [0x0000000080000000, 0x0000000100000000)
  region size 1024K, 44 young (45056K), 5 survivors (5120K)
 Metaspace       used 53539K, committed 54080K, reserved 1097728K
  class space    used 7143K, committed 7360K, reserved 1048576K
}
Event: 5.551 GC heap after
{Heap after GC invocations=15 (full 0):
 garbage-first heap   total 97280K, used 42432K [0x0000000080000000, 0x0000000100000000)
  region size 1024K, 6 young (6144K), 6 survivors (6144K)
 Metaspace       used 53539K, committed 54080K, reserved 1097728K
  class space    used 7143K, committed 7360K, reserved 1048576K
}

