# JRE version: OpenJDK Runtime Environment (17.0.6) (build 17.0.6+0-b2043.56-10027231)
# Java VM: OpenJDK 64-Bit Server VM (17.0.6+0-b2043.56-10027231, mixed mode, tiered, compressed oops, compressed class ptrs, g1 gc, windows-amd64)
GC Precious Log:
 CPUs: 8 total, 8 available
 Memory: 7993M
 Large Page Support: Disabled
 NUMA Support: Disabled
 Compressed Oops: Enabled (32-bit)
 Heap Region Size: 1M
 Heap Min Capacity: 8M
 Heap Initial Capacity: 126M
 Heap Max Capacity: 2G
 Pre-touch: Disabled
 Parallel Workers: 8
 Concurrent Workers: 2
 Concurrent Refinement Workers: 8
 Periodic GC: Disabled
Heap:
 garbage-first heap   total 82944K, used 49556K [0x0000000080000000, 0x0000000100000000)
  region size 1024K, 3 young (3072K), 2 survivors (2048K)
 Metaspace       used 53567K, committed 54080K, reserved 1097728K
  class space    used 7142K, committed 7360K, reserved 1048576K
GC Heap History (20 events):
Event: 2.598 GC heap before
{Heap before GC invocations=5 (full 0):
 garbage-first heap   total 68608K, used 45882K [0x0000000080000000, 0x0000000100000000)
  region size 1024K, 28 young (28672K), 3 survivors (3072K)
 Metaspace       used 30169K, committed 30464K, reserved 1081344K
  class space    used 4095K, committed 4224K, reserved 1048576K
}
Event: 2.600 GC heap after
{Heap after GC invocations=6 (full 0):
 garbage-first heap   total 68608K, used 22507K [0x0000000080000000, 0x0000000100000000)
  region size 1024K, 4 young (4096K), 4 survivors (4096K)
 Metaspace       used 30169K, committed 30464K, reserved 1081344K
  class space    used 4095K, committed 4224K, reserved 1048576K
}
Event: 2.968 GC heap before
{Heap before GC invocations=6 (full 0):
 garbage-first heap   total 68608K, used 49131K [0x0000000080000000, 0x0000000100000000)
  region size 1024K, 30 young (30720K), 4 survivors (4096K)
 Metaspace       used 34694K, committed 35072K, reserved 1081344K
  class space    used 4800K, committed 4992K, reserved 1048576K
}
Event: 2.971 GC heap after
{Heap after GC invocations=7 (full 0):
 garbage-first heap   total 68608K, used 23978K [0x0000000080000000, 0x0000000100000000)
  region size 1024K, 4 young (4096K), 4 survivors (4096K)
 Metaspace       used 34694K, committed 35072K, reserved 1081344K
  class space    used 4800K, committed 4992K, reserved 1048576K
}
Event: 3.047 GC heap before
{Heap before GC invocations=7 (full 0):
 garbage-first heap   total 68608K, used 27050K [0x0000000080000000, 0x0000000100000000)
  region size 1024K, 9 young (9216K), 4 survivors (4096K)
 Metaspace       used 35603K, committed 35968K, reserved 1081344K
  class space    used 4874K, committed 5056K, reserved 1048576K
}
Event: 3.050 GC heap after
{Heap after GC invocations=8 (full 0):
 garbage-first heap   total 68608K, used 25131K [0x0000000080000000, 0x0000000100000000)
  region size 1024K, 3 young (3072K), 3 survivors (3072K)
 Metaspace       used 35603K, committed 35968K, reserved 1081344K
  class space    used 4874K, committed 5056K, reserved 1048576K
}
Event: 3.355 GC heap before
{Heap before GC invocations=9 (full 0):
 garbage-first heap   total 68608K, used 49707K [0x0000000080000000, 0x0000000100000000)
  region size 1024K, 28 young (28672K), 3 survivors (3072K)
 Metaspace       used 40404K, committed 40768K, reserved 1089536K
  class space    used 5358K, committed 5504K, reserved 1048576K
}
Event: 3.364 GC heap after
{Heap after GC invocations=10 (full 0):
 garbage-first heap   total 68608K, used 28437K [0x0000000080000000, 0x0000000100000000)
  region size 1024K, 4 young (4096K), 4 survivors (4096K)
 Metaspace       used 40404K, committed 40768K, reserved 1089536K
  class space    used 5358K, committed 5504K, reserved 1048576K
}
Event: 3.591 GC heap before
{Heap before GC invocations=10 (full 0):
 garbage-first heap   total 68608K, used 54037K [0x0000000080000000, 0x0000000100000000)
  region size 1024K, 26 young (26624K), 4 survivors (4096K)
 Metaspace       used 42948K, committed 43392K, reserved 1089536K
  class space    used 5639K, committed 5824K, reserved 1048576K
}
Event: 3.599 GC heap after
{Heap after GC invocations=11 (full 0):
 garbage-first heap   total 82944K, used 30013K [0x0000000080000000, 0x0000000100000000)
  region size 1024K, 3 young (3072K), 3 survivors (3072K)
 Metaspace       used 42948K, committed 43392K, reserved 1089536K
  class space    used 5639K, committed 5824K, reserved 1048576K
}
Event: 3.966 GC heap before
{Heap before GC invocations=11 (full 0):
 garbage-first heap   total 82944K, used 60733K [0x0000000080000000, 0x0000000100000000)
  region size 1024K, 33 young (33792K), 3 survivors (3072K)
 Metaspace       used 46134K, committed 46592K, reserved 1089536K
  class space    used 6065K, committed 6272K, reserved 1048576K
}
Event: 3.969 GC heap after
{Heap after GC invocations=12 (full 0):
 garbage-first heap   total 82944K, used 31802K [0x0000000080000000, 0x0000000100000000)
  region size 1024K, 4 young (4096K), 4 survivors (4096K)
 Metaspace       used 46134K, committed 46592K, reserved 1089536K
  class space    used 6065K, committed 6272K, reserved 1048576K
}
Event: 4.422 GC heap before
{Heap before GC invocations=12 (full 0):
 garbage-first heap   total 82944K, used 62522K [0x0000000080000000, 0x0000000100000000)
  region size 1024K, 34 young (34816K), 4 survivors (4096K)
 Metaspace       used 50370K, committed 50880K, reserved 1097728K
  class space    used 6751K, committed 6976K, reserved 1048576K
}
Event: 4.427 GC heap after
{Heap after GC invocations=13 (full 0):
 garbage-first heap   total 82944K, used 33529K [0x0000000080000000, 0x0000000100000000)
  region size 1024K, 4 young (4096K), 4 survivors (4096K)
 Metaspace       used 50370K, committed 50880K, reserved 1097728K
  class space    used 6751K, committed 6976K, reserved 1048576K
}
Event: 4.967 GC heap before
{Heap before GC invocations=13 (full 0):
 garbage-first heap   total 82944K, used 64249K [0x0000000080000000, 0x0000000100000000)
  region size 1024K, 34 young (34816K), 4 survivors (4096K)
 Metaspace       used 52961K, committed 53440K, reserved 1097728K
  class space    used 7086K, committed 7296K, reserved 1048576K
}
Event: 4.975 GC heap after
{Heap after GC invocations=14 (full 0):
 garbage-first heap   total 82944K, used 36128K [0x0000000080000000, 0x0000000100000000)
  region size 1024K, 5 young (5120K), 5 survivors (5120K)
 Metaspace       used 52961K, committed 53440K, reserved 1097728K
  class space    used 7086K, committed 7296K, reserved 1048576K
}
Event: 5.486 GC heap before
{Heap before GC invocations=14 (full 0):
 garbage-first heap   total 82944K, used 60704K [0x0000000080000000, 0x0000000100000000)
  region size 1024K, 27 young (27648K), 5 survivors (5120K)
 Metaspace       used 53564K, committed 54080K, reserved 1097728K
  class space    used 7142K, committed 7360K, reserved 1048576K
}
Event: 5.492 GC heap after
{Heap after GC invocations=15 (full 0):
 garbage-first heap   total 82944K, used 42675K [0x0000000080000000, 0x0000000100000000)
  region size 1024K, 4 young (4096K), 4 survivors (4096K)
 Metaspace       used 53564K, committed 54080K, reserved 1097728K
  class space    used 7142K, committed 7360K, reserved 1048576K
}
Event: 5.583 GC heap before
{Heap before GC invocations=16 (full 0):
 garbage-first heap   total 82944K, used 45747K [0x0000000080000000, 0x0000000100000000)
  region size 1024K, 7 young (7168K), 4 survivors (4096K)
 Metaspace       used 53567K, committed 54080K, reserved 1097728K
  class space    used 7142K, committed 7360K, reserved 1048576K
}
Event: 5.586 GC heap after
{Heap after GC invocations=17 (full 0):
 garbage-first heap   total 82944K, used 45460K [0x0000000080000000, 0x0000000100000000)
  region size 1024K, 2 young (2048K), 2 survivors (2048K)
 Metaspace       used 53567K, committed 54080K, reserved 1097728K
  class space    used 7142K, committed 7360K, reserved 1048576K
}

