# JRE version: OpenJDK Runtime Environment (17.0.6) (build 17.0.6+0-b2043.56-10027231)
# Java VM: OpenJDK 64-Bit Server VM (17.0.6+0-b2043.56-10027231, mixed mode, tiered, compressed oops, compressed class ptrs, g1 gc, windows-amd64)
GC Precious Log:
 CPUs: 8 total, 8 available
 Memory: 7993M
 Large Page Support: Disabled
 NUMA Support: Disabled
 Compressed Oops: Enabled (32-bit)
 Heap Region Size: 1M
 Heap Min Capacity: 8M
 Heap Initial Capacity: 126M
 Heap Max Capacity: 2G
 Pre-touch: Disabled
 Parallel Workers: 8
 Concurrent Workers: 2
 Concurrent Refinement Workers: 8
 Periodic GC: Disabled
Heap:
 garbage-first heap   total 117760K, used 68474K [0x0000000080000000, 0x0000000100000000)
  region size 1024K, 9 young (9216K), 5 survivors (5120K)
 Metaspace       used 75824K, committed 76352K, reserved 1122304K
  class space    used 10099K, committed 10368K, reserved 1048576K
GC Heap History (20 events):
Event: 6.592 GC heap before
{Heap before GC invocations=14 (full 0):
 garbage-first heap   total 82944K, used 45230K [0x0000000080000000, 0x0000000100000000)
  region size 1024K, 7 young (7168K), 4 survivors (4096K)
 Metaspace       used 53589K, committed 54080K, reserved 1097728K
  class space    used 7142K, committed 7360K, reserved 1048576K
}
Event: 6.595 GC heap after
{Heap after GC invocations=15 (full 0):
 garbage-first heap   total 82944K, used 45176K [0x0000000080000000, 0x0000000100000000)
  region size 1024K, 3 young (3072K), 3 survivors (3072K)
 Metaspace       used 53589K, committed 54080K, reserved 1097728K
  class space    used 7142K, committed 7360K, reserved 1048576K
}
Event: 6.865 GC heap before
{Heap before GC invocations=16 (full 0):
 garbage-first heap   total 87040K, used 64632K [0x0000000080000000, 0x0000000100000000)
  region size 1024K, 18 young (18432K), 3 survivors (3072K)
 Metaspace       used 55084K, committed 55552K, reserved 1097728K
  class space    used 7345K, committed 7552K, reserved 1048576K
}
Event: 6.870 GC heap after
{Heap after GC invocations=17 (full 0):
 garbage-first heap   total 87040K, used 52015K [0x0000000080000000, 0x0000000100000000)
  region size 1024K, 3 young (3072K), 3 survivors (3072K)
 Metaspace       used 55084K, committed 55552K, reserved 1097728K
  class space    used 7345K, committed 7552K, reserved 1048576K
}
Event: 7.089 GC heap before
{Heap before GC invocations=17 (full 0):
 garbage-first heap   total 87040K, used 65327K [0x0000000080000000, 0x0000000100000000)
  region size 1024K, 16 young (16384K), 3 survivors (3072K)
 Metaspace       used 56892K, committed 57344K, reserved 1105920K
  class space    used 7613K, committed 7808K, reserved 1048576K
}
Event: 7.091 GC heap after
{Heap after GC invocations=18 (full 0):
 garbage-first heap   total 87040K, used 52883K [0x0000000080000000, 0x0000000100000000)
  region size 1024K, 1 young (1024K), 1 survivors (1024K)
 Metaspace       used 56892K, committed 57344K, reserved 1105920K
  class space    used 7613K, committed 7808K, reserved 1048576K
}
Event: 7.334 GC heap before
{Heap before GC invocations=19 (full 0):
 garbage-first heap   total 94208K, used 67219K [0x0000000080000000, 0x0000000100000000)
  region size 1024K, 15 young (15360K), 1 survivors (1024K)
 Metaspace       used 59460K, committed 60032K, reserved 1105920K
  class space    used 7892K, committed 8128K, reserved 1048576K
}
Event: 7.339 GC heap after
{Heap after GC invocations=20 (full 0):
 garbage-first heap   total 94208K, used 53260K [0x0000000080000000, 0x0000000100000000)
  region size 1024K, 2 young (2048K), 2 survivors (2048K)
 Metaspace       used 59460K, committed 60032K, reserved 1105920K
  class space    used 7892K, committed 8128K, reserved 1048576K
}
Event: 7.699 GC heap before
{Heap before GC invocations=20 (full 0):
 garbage-first heap   total 94208K, used 71692K [0x0000000080000000, 0x0000000100000000)
  region size 1024K, 20 young (20480K), 2 survivors (2048K)
 Metaspace       used 62491K, committed 63040K, reserved 1105920K
  class space    used 8326K, committed 8576K, reserved 1048576K
}
Event: 7.702 GC heap after
{Heap after GC invocations=21 (full 0):
 garbage-first heap   total 113664K, used 54350K [0x0000000080000000, 0x0000000100000000)
  region size 1024K, 3 young (3072K), 3 survivors (3072K)
 Metaspace       used 62491K, committed 63040K, reserved 1105920K
  class space    used 8326K, committed 8576K, reserved 1048576K
}
Event: 7.805 GC heap before
{Heap before GC invocations=22 (full 0):
 garbage-first heap   total 113664K, used 60494K [0x0000000080000000, 0x0000000100000000)
  region size 1024K, 10 young (10240K), 3 survivors (3072K)
 Metaspace       used 64061K, committed 64640K, reserved 1105920K
  class space    used 8507K, committed 8768K, reserved 1048576K
}
Event: 7.808 GC heap after
{Heap after GC invocations=23 (full 0):
 garbage-first heap   total 113664K, used 55671K [0x0000000080000000, 0x0000000100000000)
  region size 1024K, 4 young (4096K), 4 survivors (4096K)
 Metaspace       used 64061K, committed 64640K, reserved 1105920K
  class space    used 8507K, committed 8768K, reserved 1048576K
}
Event: 8.109 GC heap before
{Heap before GC invocations=24 (full 0):
 garbage-first heap   total 117760K, used 91511K [0x0000000080000000, 0x0000000100000000)
  region size 1024K, 33 young (33792K), 4 survivors (4096K)
 Metaspace       used 65974K, committed 66560K, reserved 1114112K
  class space    used 8761K, committed 9024K, reserved 1048576K
}
Event: 8.114 GC heap after
{Heap after GC invocations=25 (full 0):
 garbage-first heap   total 117760K, used 58293K [0x0000000080000000, 0x0000000100000000)
  region size 1024K, 5 young (5120K), 5 survivors (5120K)
 Metaspace       used 65974K, committed 66560K, reserved 1114112K
  class space    used 8761K, committed 9024K, reserved 1048576K
}
Event: 8.521 GC heap before
{Heap before GC invocations=25 (full 0):
 garbage-first heap   total 117760K, used 89013K [0x0000000080000000, 0x0000000100000000)
  region size 1024K, 35 young (35840K), 5 survivors (5120K)
 Metaspace       used 68857K, committed 69440K, reserved 1114112K
  class space    used 9144K, committed 9408K, reserved 1048576K
}
Event: 8.531 GC heap after
{Heap after GC invocations=26 (full 0):
 garbage-first heap   total 117760K, used 60970K [0x0000000080000000, 0x0000000100000000)
  region size 1024K, 3 young (3072K), 3 survivors (3072K)
 Metaspace       used 68857K, committed 69440K, reserved 1114112K
  class space    used 9144K, committed 9408K, reserved 1048576K
}
Event: 9.005 GC heap before
{Heap before GC invocations=27 (full 0):
 garbage-first heap   total 117760K, used 91690K [0x0000000080000000, 0x0000000100000000)
  region size 1024K, 33 young (33792K), 3 survivors (3072K)
 Metaspace       used 72838K, committed 73472K, reserved 1114112K
  class space    used 9698K, committed 9984K, reserved 1048576K
}
Event: 9.008 GC heap after
{Heap after GC invocations=28 (full 0):
 garbage-first heap   total 117760K, used 62484K [0x0000000080000000, 0x0000000100000000)
  region size 1024K, 5 young (5120K), 5 survivors (5120K)
 Metaspace       used 72838K, committed 73472K, reserved 1114112K
  class space    used 9698K, committed 9984K, reserved 1048576K
}
Event: 9.382 GC heap before
{Heap before GC invocations=28 (full 0):
 garbage-first heap   total 117760K, used 92180K [0x0000000080000000, 0x0000000100000000)
  region size 1024K, 34 young (34816K), 5 survivors (5120K)
 Metaspace       used 75770K, committed 76352K, reserved 1122304K
  class space    used 10098K, committed 10368K, reserved 1048576K
}
Event: 9.387 GC heap after
{Heap after GC invocations=29 (full 0):
 garbage-first heap   total 117760K, used 65402K [0x0000000080000000, 0x0000000100000000)
  region size 1024K, 5 young (5120K), 5 survivors (5120K)
 Metaspace       used 75770K, committed 76352K, reserved 1122304K
  class space    used 10098K, committed 10368K, reserved 1048576K
}

