# JRE version: OpenJDK Runtime Environment (17.0.6) (build 17.0.6+0-b2043.56-10027231)
# Java VM: OpenJDK 64-Bit Server VM (17.0.6+0-b2043.56-10027231, mixed mode, tiered, compressed oops, compressed class ptrs, g1 gc, windows-amd64)
GC Precious Log:
 CPUs: 8 total, 8 available
 Memory: 7993M
 Large Page Support: Disabled
 NUMA Support: Disabled
 Compressed Oops: Enabled (32-bit)
 Heap Region Size: 1M
 Heap Min Capacity: 8M
 Heap Initial Capacity: 126M
 Heap Max Capacity: 2G
 Pre-touch: Disabled
 Parallel Workers: 8
 Concurrent Workers: 2
 Concurrent Refinement Workers: 8
 Periodic GC: Disabled
Heap:
 garbage-first heap   total 296960K, used 147133K [0x0000000080000000, 0x0000000100000000)
  region size 1024K, 50 young (51200K), 4 survivors (4096K)
 Metaspace       used 82735K, committed 83520K, reserved 1122304K
  class space    used 11183K, committed 11520K, reserved 1048576K
GC Heap History (20 events):
Event: 95.053 GC heap before
{Heap before GC invocations=31 (full 0):
 garbage-first heap   total 133120K, used 76554K [0x0000000080000000, 0x0000000100000000)
  region size 1024K, 4 young (4096K), 2 survivors (2048K)
 Metaspace       used 57864K, committed 58560K, reserved 1105920K
  class space    used 7808K, committed 8128K, reserved 1048576K
}
Event: 95.055 GC heap after
{Heap after GC invocations=32 (full 0):
 garbage-first heap   total 159744K, used 77672K [0x0000000080000000, 0x0000000100000000)
  region size 1024K, 3 young (3072K), 3 survivors (3072K)
 Metaspace       used 57864K, committed 58560K, reserved 1105920K
  class space    used 7808K, committed 8128K, reserved 1048576K
}
Event: 95.454 GC heap before
{Heap before GC invocations=33 (full 0):
 garbage-first heap   total 159744K, used 115560K [0x0000000080000000, 0x0000000100000000)
  region size 1024K, 33 young (33792K), 3 survivors (3072K)
 Metaspace       used 60986K, committed 61696K, reserved 1105920K
  class space    used 8240K, committed 8576K, reserved 1048576K
}
Event: 95.457 GC heap after
{Heap after GC invocations=34 (full 0):
 garbage-first heap   total 159744K, used 90519K [0x0000000080000000, 0x0000000100000000)
  region size 1024K, 5 young (5120K), 5 survivors (5120K)
 Metaspace       used 60986K, committed 61696K, reserved 1105920K
  class space    used 8240K, committed 8576K, reserved 1048576K
}
Event: 95.479 GC heap before
{Heap before GC invocations=34 (full 0):
 garbage-first heap   total 159744K, used 92567K [0x0000000080000000, 0x0000000100000000)
  region size 1024K, 7 young (7168K), 5 survivors (5120K)
 Metaspace       used 61246K, committed 61888K, reserved 1105920K
  class space    used 8285K, committed 8576K, reserved 1048576K
}
Event: 95.482 GC heap after
{Heap after GC invocations=35 (full 0):
 garbage-first heap   total 159744K, used 90568K [0x0000000080000000, 0x0000000100000000)
  region size 1024K, 1 young (1024K), 1 survivors (1024K)
 Metaspace       used 61246K, committed 61888K, reserved 1105920K
  class space    used 8285K, committed 8576K, reserved 1048576K
}
Event: 95.872 GC heap before
{Heap before GC invocations=35 (full 0):
 garbage-first heap   total 159744K, used 117192K [0x0000000080000000, 0x0000000100000000)
  region size 1024K, 27 young (27648K), 1 survivors (1024K)
 Metaspace       used 66045K, committed 66816K, reserved 1114112K
  class space    used 8883K, committed 9216K, reserved 1048576K
}
Event: 95.874 GC heap after
{Heap after GC invocations=36 (full 0):
 garbage-first heap   total 159744K, used 91616K [0x0000000080000000, 0x0000000100000000)
  region size 1024K, 2 young (2048K), 2 survivors (2048K)
 Metaspace       used 66045K, committed 66816K, reserved 1114112K
  class space    used 8883K, committed 9216K, reserved 1048576K
}
Event: 96.142 GC heap before
{Heap before GC invocations=37 (full 0):
 garbage-first heap   total 160768K, used 125408K [0x0000000080000000, 0x0000000100000000)
  region size 1024K, 29 young (29696K), 2 survivors (2048K)
 Metaspace       used 68700K, committed 69376K, reserved 1114112K
  class space    used 9231K, committed 9536K, reserved 1048576K
}
Event: 96.146 GC heap after
{Heap after GC invocations=38 (full 0):
 garbage-first heap   total 160768K, used 94852K [0x0000000080000000, 0x0000000100000000)
  region size 1024K, 4 young (4096K), 4 survivors (4096K)
 Metaspace       used 68700K, committed 69376K, reserved 1114112K
  class space    used 9231K, committed 9536K, reserved 1048576K
}
Event: 96.184 GC heap before
{Heap before GC invocations=38 (full 0):
 garbage-first heap   total 160768K, used 97924K [0x0000000080000000, 0x0000000100000000)
  region size 1024K, 7 young (7168K), 4 survivors (4096K)
 Metaspace       used 69040K, committed 69760K, reserved 1114112K
  class space    used 9266K, committed 9600K, reserved 1048576K
}
Event: 96.187 GC heap after
{Heap after GC invocations=39 (full 0):
 garbage-first heap   total 160768K, used 95364K [0x0000000080000000, 0x0000000100000000)
  region size 1024K, 1 young (1024K), 1 survivors (1024K)
 Metaspace       used 69040K, committed 69760K, reserved 1114112K
  class space    used 9266K, committed 9600K, reserved 1048576K
}
Event: 96.478 GC heap before
{Heap before GC invocations=39 (full 0):
 garbage-first heap   total 160768K, used 124036K [0x0000000080000000, 0x0000000100000000)
  region size 1024K, 29 young (29696K), 1 survivors (1024K)
 Metaspace       used 71706K, committed 72448K, reserved 1114112K
  class space    used 9604K, committed 9920K, reserved 1048576K
}
Event: 96.480 GC heap after
{Heap after GC invocations=40 (full 0):
 garbage-first heap   total 160768K, used 96815K [0x0000000080000000, 0x0000000100000000)
  region size 1024K, 3 young (3072K), 3 survivors (3072K)
 Metaspace       used 71706K, committed 72448K, reserved 1114112K
  class space    used 9604K, committed 9920K, reserved 1048576K
}
Event: 96.831 GC heap before
{Heap before GC invocations=41 (full 0):
 garbage-first heap   total 167936K, used 125487K [0x0000000080000000, 0x0000000100000000)
  region size 1024K, 31 young (31744K), 3 survivors (3072K)
 Metaspace       used 74960K, committed 75648K, reserved 1114112K
  class space    used 10107K, committed 10432K, reserved 1048576K
}
Event: 96.834 GC heap after
{Heap after GC invocations=42 (full 0):
 garbage-first heap   total 167936K, used 98316K [0x0000000080000000, 0x0000000100000000)
  region size 1024K, 4 young (4096K), 4 survivors (4096K)
 Metaspace       used 74960K, committed 75648K, reserved 1114112K
  class space    used 10107K, committed 10432K, reserved 1048576K
}
Event: 96.867 GC heap before
{Heap before GC invocations=42 (full 0):
 garbage-first heap   total 167936K, used 102412K [0x0000000080000000, 0x0000000100000000)
  region size 1024K, 8 young (8192K), 4 survivors (4096K)
 Metaspace       used 75654K, committed 76352K, reserved 1122304K
  class space    used 10189K, committed 10496K, reserved 1048576K
}
Event: 96.870 GC heap after
{Heap after GC invocations=43 (full 0):
 garbage-first heap   total 167936K, used 98533K [0x0000000080000000, 0x0000000100000000)
  region size 1024K, 1 young (1024K), 1 survivors (1024K)
 Metaspace       used 75654K, committed 76352K, reserved 1122304K
  class space    used 10189K, committed 10496K, reserved 1048576K
}
Event: 97.202 GC heap before
{Heap before GC invocations=43 (full 0):
 garbage-first heap   total 167936K, used 133349K [0x0000000080000000, 0x0000000100000000)
  region size 1024K, 35 young (35840K), 1 survivors (1024K)
 Metaspace       used 79289K, committed 80000K, reserved 1122304K
  class space    used 10682K, committed 11008K, reserved 1048576K
}
Event: 97.206 GC heap after
{Heap after GC invocations=44 (full 0):
 garbage-first heap   total 296960K, used 101053K [0x0000000080000000, 0x0000000100000000)
  region size 1024K, 4 young (4096K), 4 survivors (4096K)
 Metaspace       used 79289K, committed 80000K, reserved 1122304K
  class space    used 10682K, committed 11008K, reserved 1048576K
}

