# JRE version: OpenJDK Runtime Environment (17.0.6) (build 17.0.6+0-b2043.56-10027231)
# Java VM: OpenJDK 64-Bit Server VM (17.0.6+0-b2043.56-10027231, mixed mode, tiered, compressed oops, compressed class ptrs, g1 gc, windows-amd64)
GC Precious Log:
 CPUs: 8 total, 8 available
 Memory: 7993M
 Large Page Support: Disabled
 NUMA Support: Disabled
 Compressed Oops: Enabled (32-bit)
 Heap Region Size: 1M
 Heap Min Capacity: 8M
 Heap Initial Capacity: 126M
 Heap Max Capacity: 2G
 Pre-touch: Disabled
 Parallel Workers: 8
 Concurrent Workers: 2
 Concurrent Refinement Workers: 8
 Periodic GC: Disabled
Heap:
 garbage-first heap   total 192512K, used 121912K [0x0000000080000000, 0x0000000100000000)
  region size 1024K, 63 young (64512K), 10 survivors (10240K)
 Metaspace       used 86507K, committed 87168K, reserved 1130496K
  class space    used 11804K, committed 12096K, reserved 1048576K
GC Heap History (20 events):
Event: 4.787 GC heap before
{Heap before GC invocations=15 (full 0):
 garbage-first heap   total 100352K, used 50118K [0x0000000080000000, 0x0000000100000000)
  region size 1024K, 4 young (4096K), 2 survivors (2048K)
 Metaspace       used 53521K, committed 54016K, reserved 1097728K
  class space    used 7139K, committed 7360K, reserved 1048576K
}
Event: 4.788 GC heap after
{Heap after GC invocations=16 (full 0):
 garbage-first heap   total 100352K, used 50580K [0x0000000080000000, 0x0000000100000000)
  region size 1024K, 3 young (3072K), 3 survivors (3072K)
 Metaspace       used 53521K, committed 54016K, reserved 1097728K
  class space    used 7139K, committed 7360K, reserved 1048576K
}
Event: 4.948 GC heap before
{Heap before GC invocations=17 (full 0):
 garbage-first heap   total 100352K, used 65940K [0x0000000080000000, 0x0000000100000000)
  region size 1024K, 17 young (17408K), 3 survivors (3072K)
 Metaspace       used 55120K, committed 55616K, reserved 1097728K
  class space    used 7359K, committed 7552K, reserved 1048576K
}
Event: 4.950 GC heap after
{Heap after GC invocations=18 (full 0):
 garbage-first heap   total 100352K, used 51922K [0x0000000080000000, 0x0000000100000000)
  region size 1024K, 2 young (2048K), 2 survivors (2048K)
 Metaspace       used 55120K, committed 55616K, reserved 1097728K
  class space    used 7359K, committed 7552K, reserved 1048576K
}
Event: 5.106 GC heap before
{Heap before GC invocations=18 (full 0):
 garbage-first heap   total 100352K, used 66258K [0x0000000080000000, 0x0000000100000000)
  region size 1024K, 16 young (16384K), 2 survivors (2048K)
 Metaspace       used 57055K, committed 57536K, reserved 1105920K
  class space    used 7635K, committed 7872K, reserved 1048576K
}
Event: 5.108 GC heap after
{Heap after GC invocations=19 (full 0):
 garbage-first heap   total 100352K, used 52655K [0x0000000080000000, 0x0000000100000000)
  region size 1024K, 1 young (1024K), 1 survivors (1024K)
 Metaspace       used 57055K, committed 57536K, reserved 1105920K
  class space    used 7635K, committed 7872K, reserved 1048576K
}
Event: 5.310 GC heap before
{Heap before GC invocations=20 (full 0):
 garbage-first heap   total 100352K, used 69039K [0x0000000080000000, 0x0000000100000000)
  region size 1024K, 17 young (17408K), 1 survivors (1024K)
 Metaspace       used 59696K, committed 60224K, reserved 1105920K
  class space    used 7923K, committed 8192K, reserved 1048576K
}
Event: 5.311 GC heap after
{Heap after GC invocations=21 (full 0):
 garbage-first heap   total 100352K, used 53088K [0x0000000080000000, 0x0000000100000000)
  region size 1024K, 2 young (2048K), 2 survivors (2048K)
 Metaspace       used 59696K, committed 60224K, reserved 1105920K
  class space    used 7923K, committed 8192K, reserved 1048576K
}
Event: 5.561 GC heap before
{Heap before GC invocations=21 (full 0):
 garbage-first heap   total 100352K, used 69472K [0x0000000080000000, 0x0000000100000000)
  region size 1024K, 19 young (19456K), 2 survivors (2048K)
 Metaspace       used 62713K, committed 63232K, reserved 1105920K
  class space    used 8365K, committed 8576K, reserved 1048576K
}
Event: 5.564 GC heap after
{Heap after GC invocations=22 (full 0):
 garbage-first heap   total 100352K, used 54630K [0x0000000080000000, 0x0000000100000000)
  region size 1024K, 3 young (3072K), 3 survivors (3072K)
 Metaspace       used 62713K, committed 63232K, reserved 1105920K
  class space    used 8365K, committed 8576K, reserved 1048576K
}
Event: 5.634 GC heap before
{Heap before GC invocations=23 (full 0):
 garbage-first heap   total 100352K, used 57702K [0x0000000080000000, 0x0000000100000000)
  region size 1024K, 7 young (7168K), 3 survivors (3072K)
 Metaspace       used 63997K, committed 64576K, reserved 1105920K
  class space    used 8505K, committed 8768K, reserved 1048576K
}
Event: 5.636 GC heap after
{Heap after GC invocations=24 (full 0):
 garbage-first heap   total 100352K, used 55377K [0x0000000080000000, 0x0000000100000000)
  region size 1024K, 3 young (3072K), 3 survivors (3072K)
 Metaspace       used 63997K, committed 64576K, reserved 1105920K
  class space    used 8505K, committed 8768K, reserved 1048576K
}
Event: 5.764 GC heap before
{Heap before GC invocations=25 (full 0):
 garbage-first heap   total 117760K, used 79953K [0x0000000080000000, 0x0000000100000000)
  region size 1024K, 21 young (21504K), 3 survivors (3072K)
 Metaspace       used 64889K, committed 65408K, reserved 1105920K
  class space    used 8628K, committed 8832K, reserved 1048576K
}
Event: 5.768 GC heap after
{Heap after GC invocations=26 (full 0):
 garbage-first heap   total 117760K, used 57329K [0x0000000080000000, 0x0000000100000000)
  region size 1024K, 3 young (3072K), 3 survivors (3072K)
 Metaspace       used 64889K, committed 65408K, reserved 1105920K
  class space    used 8628K, committed 8832K, reserved 1048576K
}
Event: 6.004 GC heap before
{Heap before GC invocations=26 (full 0):
 garbage-first heap   total 117760K, used 83953K [0x0000000080000000, 0x0000000100000000)
  region size 1024K, 29 young (29696K), 3 survivors (3072K)
 Metaspace       used 67363K, committed 67904K, reserved 1114112K
  class space    used 8936K, committed 9152K, reserved 1048576K
}
Event: 6.008 GC heap after
{Heap after GC invocations=27 (full 0):
 garbage-first heap   total 192512K, used 59202K [0x0000000080000000, 0x0000000100000000)
  region size 1024K, 2 young (2048K), 2 survivors (2048K)
 Metaspace       used 67363K, committed 67904K, reserved 1114112K
  class space    used 8936K, committed 9152K, reserved 1048576K
}
Event: 6.610 GC heap before
{Heap before GC invocations=28 (full 0):
 garbage-first heap   total 192512K, used 122690K [0x0000000080000000, 0x0000000100000000)
  region size 1024K, 64 young (65536K), 2 survivors (2048K)
 Metaspace       used 74606K, committed 75200K, reserved 1114112K
  class space    used 9960K, committed 10240K, reserved 1048576K
}
Event: 6.615 GC heap after
{Heap after GC invocations=29 (full 0):
 garbage-first heap   total 192512K, used 63733K [0x0000000080000000, 0x0000000100000000)
  region size 1024K, 7 young (7168K), 7 survivors (7168K)
 Metaspace       used 74606K, committed 75200K, reserved 1114112K
  class space    used 9960K, committed 10240K, reserved 1048576K
}
Event: 7.289 GC heap before
{Heap before GC invocations=29 (full 0):
 garbage-first heap   total 192512K, used 137461K [0x0000000080000000, 0x0000000100000000)
  region size 1024K, 79 young (80896K), 7 survivors (7168K)
 Metaspace       used 81337K, committed 81920K, reserved 1122304K
  class space    used 11067K, committed 11328K, reserved 1048576K
}
Event: 7.295 GC heap after
{Heap after GC invocations=30 (full 0):
 garbage-first heap   total 192512K, used 68664K [0x0000000080000000, 0x0000000100000000)
  region size 1024K, 10 young (10240K), 10 survivors (10240K)
 Metaspace       used 81337K, committed 81920K, reserved 1122304K
  class space    used 11067K, committed 11328K, reserved 1048576K
}

