# JRE version: OpenJDK Runtime Environment (17.0.6) (build 17.0.6+0-b2043.56-10027231)
# Java VM: OpenJDK 64-Bit Server VM (17.0.6+0-b2043.56-10027231, mixed mode, tiered, compressed oops, compressed class ptrs, g1 gc, windows-amd64)
GC Precious Log:
 CPUs: 8 total, 8 available
 Memory: 7993M
 Large Page Support: Disabled
 NUMA Support: Disabled
 Compressed Oops: Enabled (32-bit)
 Heap Region Size: 1M
 Heap Min Capacity: 8M
 Heap Initial Capacity: 126M
 Heap Max Capacity: 2G
 Pre-touch: Disabled
 Parallel Workers: 8
 Concurrent Workers: 2
 Concurrent Refinement Workers: 8
 Periodic GC: Disabled
Heap:
 garbage-first heap   total 174080K, used 91055K [0x0000000080000000, 0x0000000100000000)
  region size 1024K, 1 young (1024K), 1 survivors (1024K)
 Metaspace       used 96752K, committed 97536K, reserved 1138688K
  class space    used 13287K, committed 13632K, reserved 1048576K
GC Heap History (20 events):
Event: 6.702 GC heap after
{Heap after GC invocations=32 (full 0):
 garbage-first heap   total 117760K, used 68509K [0x0000000080000000, 0x0000000100000000)
  region size 1024K, 2 young (2048K), 2 survivors (2048K)
 Metaspace       used 77658K, committed 78272K, reserved 1122304K
  class space    used 10371K, committed 10624K, reserved 1048576K
}
Event: 6.998 GC heap before
{Heap before GC invocations=33 (full 0):
 garbage-first heap   total 124928K, used 96157K [0x0000000080000000, 0x0000000100000000)
  region size 1024K, 28 young (28672K), 2 survivors (2048K)
 Metaspace       used 80938K, committed 81536K, reserved 1122304K
  class space    used 11012K, committed 11264K, reserved 1048576K
}
Event: 7.000 GC heap after
{Heap after GC invocations=34 (full 0):
 garbage-first heap   total 124928K, used 69399K [0x0000000080000000, 0x0000000100000000)
  region size 1024K, 3 young (3072K), 3 survivors (3072K)
 Metaspace       used 80938K, committed 81536K, reserved 1122304K
  class space    used 11012K, committed 11264K, reserved 1048576K
}
Event: 7.318 GC heap before
{Heap before GC invocations=34 (full 0):
 garbage-first heap   total 124928K, used 100119K [0x0000000080000000, 0x0000000100000000)
  region size 1024K, 33 young (33792K), 3 survivors (3072K)
 Metaspace       used 83928K, committed 84608K, reserved 1122304K
  class space    used 11456K, committed 11776K, reserved 1048576K
}
Event: 7.322 GC heap after
{Heap after GC invocations=35 (full 0):
 garbage-first heap   total 124928K, used 71577K [0x0000000080000000, 0x0000000100000000)
  region size 1024K, 5 young (5120K), 5 survivors (5120K)
 Metaspace       used 83928K, committed 84608K, reserved 1122304K
  class space    used 11456K, committed 11776K, reserved 1048576K
}
Event: 7.654 GC heap before
{Heap before GC invocations=36 (full 0):
 garbage-first heap   total 126976K, used 101273K [0x0000000080000000, 0x0000000100000000)
  region size 1024K, 34 young (34816K), 5 survivors (5120K)
 Metaspace       used 86584K, committed 87232K, reserved 1130496K
  class space    used 11836K, committed 12160K, reserved 1048576K
}
Event: 7.659 GC heap after
{Heap after GC invocations=37 (full 0):
 garbage-first heap   total 126976K, used 74240K [0x0000000080000000, 0x0000000100000000)
  region size 1024K, 5 young (5120K), 5 survivors (5120K)
 Metaspace       used 86584K, committed 87232K, reserved 1130496K
  class space    used 11836K, committed 12160K, reserved 1048576K
}
Event: 7.670 GC heap before
{Heap before GC invocations=37 (full 0):
 garbage-first heap   total 126976K, used 75264K [0x0000000080000000, 0x0000000100000000)
  region size 1024K, 6 young (6144K), 5 survivors (5120K)
 Metaspace       used 86635K, committed 87232K, reserved 1130496K
  class space    used 11843K, committed 12160K, reserved 1048576K
}
Event: 7.675 GC heap after
{Heap after GC invocations=38 (full 0):
 garbage-first heap   total 152576K, used 74084K [0x0000000080000000, 0x0000000100000000)
  region size 1024K, 1 young (1024K), 1 survivors (1024K)
 Metaspace       used 86635K, committed 87232K, reserved 1130496K
  class space    used 11843K, committed 12160K, reserved 1048576K
}
Event: 8.204 GC heap before
{Heap before GC invocations=38 (full 0):
 garbage-first heap   total 152576K, used 123236K [0x0000000080000000, 0x0000000100000000)
  region size 1024K, 49 young (50176K), 1 survivors (1024K)
 Metaspace       used 92567K, committed 93184K, reserved 1130496K
  class space    used 12687K, committed 12992K, reserved 1048576K
}
Event: 8.207 GC heap after
{Heap after GC invocations=39 (full 0):
 garbage-first heap   total 152576K, used 77389K [0x0000000080000000, 0x0000000100000000)
  region size 1024K, 5 young (5120K), 5 survivors (5120K)
 Metaspace       used 92567K, committed 93184K, reserved 1130496K
  class space    used 12687K, committed 12992K, reserved 1048576K
}
Event: 8.531 GC heap before
{Heap before GC invocations=40 (full 0):
 garbage-first heap   total 152576K, used 123469K [0x0000000080000000, 0x0000000100000000)
  region size 1024K, 50 young (51200K), 5 survivors (5120K)
 Metaspace       used 93452K, committed 94144K, reserved 1130496K
  class space    used 12786K, committed 13120K, reserved 1048576K
}
Event: 8.538 GC heap after
{Heap after GC invocations=41 (full 0):
 garbage-first heap   total 152576K, used 83958K [0x0000000080000000, 0x0000000100000000)
  region size 1024K, 7 young (7168K), 7 survivors (7168K)
 Metaspace       used 93452K, committed 94144K, reserved 1130496K
  class space    used 12786K, committed 13120K, reserved 1048576K
}
Event: 8.543 GC heap before
{Heap before GC invocations=41 (full 0):
 garbage-first heap   total 152576K, used 84982K [0x0000000080000000, 0x0000000100000000)
  region size 1024K, 8 young (8192K), 7 survivors (7168K)
 Metaspace       used 93457K, committed 94144K, reserved 1130496K
  class space    used 12786K, committed 13120K, reserved 1048576K
}
Event: 8.547 GC heap after
{Heap after GC invocations=42 (full 0):
 garbage-first heap   total 152576K, used 84929K [0x0000000080000000, 0x0000000100000000)
  region size 1024K, 1 young (1024K), 1 survivors (1024K)
 Metaspace       used 93457K, committed 94144K, reserved 1130496K
  class space    used 12786K, committed 13120K, reserved 1048576K
}
Event: 8.952 GC heap before
{Heap before GC invocations=42 (full 0):
 garbage-first heap   total 152576K, used 124865K [0x0000000080000000, 0x0000000100000000)
  region size 1024K, 40 young (40960K), 1 survivors (1024K)
 Metaspace       used 95363K, committed 96000K, reserved 1138688K
  class space    used 13173K, committed 13504K, reserved 1048576K
}
Event: 8.957 GC heap after
{Heap after GC invocations=43 (full 0):
 garbage-first heap   total 152576K, used 88741K [0x0000000080000000, 0x0000000100000000)
  region size 1024K, 5 young (5120K), 5 survivors (5120K)
 Metaspace       used 95363K, committed 96000K, reserved 1138688K
  class space    used 13173K, committed 13504K, reserved 1048576K
}
Event: 9.194 GC heap before
{Heap before GC invocations=44 (full 0):
 garbage-first heap   total 174080K, used 124581K [0x0000000080000000, 0x0000000100000000)
  region size 1024K, 40 young (40960K), 5 survivors (5120K)
 Metaspace       used 96595K, committed 97280K, reserved 1138688K
  class space    used 13260K, committed 13568K, reserved 1048576K
}
Event: 9.199 GC heap after
{Heap after GC invocations=45 (full 0):
 garbage-first heap   total 174080K, used 90978K [0x0000000080000000, 0x0000000100000000)
  region size 1024K, 3 young (3072K), 3 survivors (3072K)
 Metaspace       used 96595K, committed 97280K, reserved 1138688K
  class space    used 13260K, committed 13568K, reserved 1048576K
}
Event: 9.223 GC heap before
{Heap before GC invocations=45 (full 0):
 garbage-first heap   total 174080K, used 96098K [0x0000000080000000, 0x0000000100000000)
  region size 1024K, 8 young (8192K), 3 survivors (3072K)
 Metaspace       used 96752K, committed 97536K, reserved 1138688K
  class space    used 13287K, committed 13632K, reserved 1048576K
}

